2018-06-27 22:08:42.015652: I tensorflow/core/platform/cpu_feature_guard.cc:140] Your CPU supports instructions that this TensorFlow binary was not compiled to use: AVX2 FMA
Namespace(action='train', adv=0, alpha_l2=1.0, att=1, batch_size=1024, beta_adv=0.01, epoch=150, epsilon_adv=0.01, fix_init=0, gpu=0, hinge_lose=1, learning_rate=0.01, model='pure_lstm', model_path='/home/ffl/nus/MM/fintech/tweet_stock/exp/l5-u4/r3/exp', path='/home/ffl/nus/MM/fintech/tweet_stock/data/stocknet-dataset/price/ourpped', reload=0, seq=5, step=1, unit=4, week=0)
87  tickers selected
652 trading dates:
20315  training instances
2555  validation instances
3720  testing instances
device name: /cpu:0
adversarial scope
adversial part
----->>>>> Training: 1.778522217273712 1.0014293611049652 0.7770928621292115 0.0
Training: 1.4846296072006226 0.9836960285902023 0.5009335875511169 	Train per: 0.517919921875
	Val per: {'acc': 0.4857142857142857, 'mcc': 0.04572698950212853} 	Val loss: 1.012178
	Test per: {'acc': 0.5255376344086021, 'mcc': 0.0499901195530129} 	Test loss: 0.9748498
epoch: 0 time: 0.6356 
----->>>>> Training: 1.3232289552688599 0.982537180185318 0.3406917653977871 0.0
Training: 1.1864745795726777 0.9832656443119049 0.20320896804332733 	Train per: 0.51884765625
	Val per: {'acc': 0.4888454011741683, 'mcc': 0.043516905163124064} 	Val loss: 1.0115731
	Test per: {'acc': 0.5301075268817205, 'mcc': 0.06074613980891282} 	Test loss: 0.97283304
epoch: 1 time: 0.3541 
----->>>>> Training: 1.1189424037933349 0.985787284374237 0.13315511606633662 0.0
Training: 1.0636398494243622 0.9868150889873505 0.07682476192712784 	Train per: 0.5189453125
	Val per: {'acc': 0.47906066536203523, 'mcc': 0.026124448432145963} 	Val loss: 1.0162845
	Test per: {'acc': 0.5239247311827957, 'mcc': 0.04640753952378807} 	Test loss: 0.9773126
epoch: 2 time: 0.3000 
----->>>>> Training: 1.0382687032222748 0.988403394818306 0.04986530262976885 0.0
Training: 1.0183558225631715 0.9905437082052231 0.02781210094690323 	Train per: 0.519580078125
	Val per: {'acc': 0.476320939334638, 'mcc': 0.02286248677533525} 	Val loss: 1.0143296
	Test per: {'acc': 0.5220430107526882, 'mcc': 0.041658471361588234} 	Test loss: 0.9840243
epoch: 3 time: 0.2996 
----->>>>> Training: 1.009798002243042 0.9919944643974304 0.017803533282130957 0.0
Training: 1.0032455921173096 0.9930986255407334 0.010146955959498882 	Train per: 0.519287109375
	Val per: {'acc': 0.47162426614481406, 'mcc': 0.01359135171457432} 	Val loss: 1.0109855
	Test per: {'acc': 0.5233870967741936, 'mcc': 0.0437707861463236} 	Test loss: 0.98877746
epoch: 4 time: 0.3066 
----->>>>> Training: 1.0010850369930266 0.9937856763601303 0.007299359398894012 0.0
Training: 0.9993095755577087 0.9946569502353668 0.0046526226215064526 	Train per: 0.51884765625
	Val per: {'acc': 0.4735812133072407, 'mcc': 0.020242264427956416} 	Val loss: 1.0091534
	Test per: {'acc': 0.5271505376344086, 'mcc': 0.050754413368543604} 	Test loss: 0.99112505
epoch: 5 time: 0.2990 
----->>>>> Training: 0.9986783593893052 0.9953970909118652 0.0032812674762681127 0.0
Training: 0.9980536162853241 0.9954245775938034 0.0026290304958820343 	Train per: 0.518505859375
	Val per: {'acc': 0.4684931506849315, 'mcc': 0.01349847595163673} 	Val loss: 1.0083761
	Test per: {'acc': 0.5287634408602151, 'mcc': 0.05290633665589501} 	Test loss: 0.9927136
epoch: 6 time: 0.2953 
----->>>>> Training: 0.9980530291795731 0.99535653591156 0.0026964880526065826 0.0
Training: 0.9976996004581451 0.9951513320207596 0.0025482492055743933 	Train per: 0.5181640625
	Val per: {'acc': 0.46536203522504893, 'mcc': 0.011060716963384367} 	Val loss: 1.009335
	Test per: {'acc': 0.5301075268817205, 'mcc': 0.05507393724475372} 	Test loss: 0.9924148
epoch: 7 time: 0.2985 
----->>>>> Training: 0.9978689312934875 0.9954420655965805 0.002426870632916689 0.0
Training: 0.997630563378334 0.9953238099813462 0.0023067377042025328 	Train per: 0.51796875
	Val per: {'acc': 0.4626223091976517, 'mcc': 0.004110921291678918} 	Val loss: 1.0092776
	Test per: {'acc': 0.5309139784946236, 'mcc': 0.056694189719127326} 	Test loss: 0.9925386
epoch: 8 time: 0.2971 
----->>>>> Training: 0.9974710315465927 0.9949896931648254 0.002481332398019731 0.0
Training: 0.9973542302846908 0.9947352021932602 0.0026190150529146194 	Train per: 0.518359375
	Val per: {'acc': 0.46927592954990216, 'mcc': 0.018294620858681564} 	Val loss: 1.0098178
	Test per: {'acc': 0.525, 'mcc': 0.04486703108624352} 	Test loss: 0.9918308
epoch: 9 time: 0.2996 
----->>>>> Training: 0.9972880095243454 0.9947062462568284 0.0025817657238803803 0.0
Training: 0.997060114145279 0.9938897907733917 0.003170316806063056 	Train per: 0.519189453125
	Val per: {'acc': 0.46418786692759295, 'mcc': 0.007834502247952757} 	Val loss: 1.0116719
	Test per: {'acc': 0.532258064516129, 'mcc': 0.059511720950211185} 	Test loss: 0.99083215
epoch: 10 time: 0.2942 
----->>>>> Training: 0.9972686469554901 0.9941385626792908 0.0031300809583626687 0.0
Training: 0.9970510452985764 0.9941688746213913 0.0028821539599448442 	Train per: 0.519287109375
	Val per: {'acc': 0.46771037181996084, 'mcc': 0.013165285920212889} 	Val loss: 1.0108874
	Test per: {'acc': 0.5276881720430108, 'mcc': 0.050313583289282406} 	Test loss: 0.9909191
epoch: 11 time: 0.2985 
----->>>>> Training: 0.9971389889717102 0.9940234214067459 0.0031155635486356916 0.0
Training: 0.9969275593757629 0.994218596816063 0.0027089454233646393 	Train per: 0.5203125
	Val per: {'acc': 0.46927592954990216, 'mcc': 0.010860718979101971} 	Val loss: 1.0101745
	Test per: {'acc': 0.5293010752688172, 'mcc': 0.05408416484077911} 	Test loss: 0.9910281
epoch: 12 time: 0.2943 
----->>>>> Training: 0.9968187242746354 0.993787071108818 0.003031647519674152 0.0
Training: 0.9965943217277526 0.992977449297905 0.003616871777921915 	Train per: 0.5197265625
	Val per: {'acc': 0.46731898238747555, 'mcc': 0.01352440515176201} 	Val loss: 1.0127995
	Test per: {'acc': 0.5284946236559139, 'mcc': 0.051365891999946525} 	Test loss: 0.9891186
epoch: 13 time: 0.3017 
----->>>>> Training: 0.9968019455671311 0.9936685919761657 0.003133350540883839 0.0
Training: 0.996483588218689 0.9931006163358689 0.00338297919370234 	Train per: 0.520654296875
	Val per: {'acc': 0.47045009784735814, 'mcc': 0.012843782313567772} 	Val loss: 1.0117604
	Test per: {'acc': 0.5306451612903226, 'mcc': 0.056552891913093616} 	Test loss: 0.98939556
epoch: 14 time: 0.2996 
----->>>>> Training: 0.9963509857654571 0.9928548008203506 0.0034961918485350908 0.0
Training: 0.9961748868227005 0.991758617758751 0.004416279029101133 	Train per: 0.520703125
	Val per: {'acc': 0.46927592954990216, 'mcc': 0.012823340438602542} 	Val loss: 1.0145023
	Test per: {'acc': 0.5309139784946236, 'mcc': 0.05683451106448374} 	Test loss: 0.98785144
epoch: 15 time: 0.2997 
----->>>>> Training: 0.9965542107820511 0.9927853733301163 0.003768829838372767 0.0
Training: 0.996051487326622 0.9919458717107773 0.00410561403259635 	Train per: 0.5216796875
	Val per: {'acc': 0.47084148727984343, 'mcc': 0.010410999487557169} 	Val loss: 1.0136085
	Test per: {'acc': 0.5368279569892473, 'mcc': 0.06945809457742892} 	Test loss: 0.988158
epoch: 16 time: 0.2977 
----->>>>> Training: 0.9961120158433914 0.9916475415229797 0.0044644735753536224 0.0
Training: 0.9956041961908341 0.9914414018392563 0.0041628023609519005 	Train per: 0.525341796875
	Val per: {'acc': 0.4657534246575342, 'mcc': -0.008755628269886035} 	Val loss: 1.0136861
	Test per: {'acc': 0.5413978494623656, 'mcc': 0.07878368519540414} 	Test loss: 0.9868066
epoch: 17 time: 0.3004 
----->>>>> Training: 0.9959990441799164 0.9912517160177231 0.004747331934049725 0.0
Training: 0.9955166757106781 0.9915477305650711 0.003968953154981136 	Train per: 0.524462890625
	Val per: {'acc': 0.4755381604696673, 'mcc': 0.01017127086069276} 	Val loss: 1.0122641
	Test per: {'acc': 0.5395161290322581, 'mcc': 0.07573985697519467} 	Test loss: 0.9876184
epoch: 18 time: 0.2976 
----->>>>> Training: 0.9956475794315338 0.9916199415922164 0.004027640027925372 0.0
Training: 0.995273980498314 0.9905292838811874 0.004744705744087696 	Train per: 0.52333984375
	Val per: {'acc': 0.4712328767123288, 'mcc': 0.010134198216045805} 	Val loss: 1.0140359
	Test per: {'acc': 0.5387096774193548, 'mcc': 0.07350502510624737} 	Test loss: 0.9865657
epoch: 19 time: 0.2963 
----->>>>> Training: 0.9951617866754532 0.9902555197477341 0.004906265228055417 0.0
Training: 0.9946580171585083 0.9899658173322677 0.004692202899605036 	Train per: 0.52568359375
	Val per: {'acc': 0.4782778864970646, 'mcc': 0.016342499350165216} 	Val loss: 1.0125788
	Test per: {'acc': 0.5362903225806451, 'mcc': 0.06965446190853289} 	Test loss: 0.98595536
epoch: 20 time: 0.2952 
----->>>>> Training: 0.9949584662914276 0.9897671550512314 0.005191311286762357 0.0
Training: 0.9941077560186387 0.9887402921915054 0.005367485340684652 	Train per: 0.526513671875
	Val per: {'acc': 0.4755381604696673, 'mcc': 0.018475121976464247} 	Val loss: 1.0143521
	Test per: {'acc': 0.5432795698924732, 'mcc': 0.08299042337650946} 	Test loss: 0.98426044
epoch: 21 time: 0.2988 
----->>>>> Training: 0.9943479388952255 0.9894395679235458 0.004908368131145835 0.0
Training: 0.993651732802391 0.987694364786148 0.005957394372671843 	Train per: 0.530126953125
	Val per: {'acc': 0.4821917808219178, 'mcc': 0.032092553882105426} 	Val loss: 1.014422
	Test per: {'acc': 0.5451612903225806, 'mcc': 0.08689511112652139} 	Test loss: 0.98240024
epoch: 22 time: 0.2964 
----->>>>> Training: 0.9940440565347671 0.9876745522022248 0.006369505170732736 0.0
Training: 0.9936579465866089 0.9879202216863632 0.005737726576626301 	Train per: 0.531787109375
	Val per: {'acc': 0.49706457925636005, 'mcc': 0.04759895420719388} 	Val loss: 1.0086677
	Test per: {'acc': 0.5467741935483871, 'mcc': 0.09221425814592206} 	Test loss: 0.98103684
epoch: 23 time: 0.3500 
----->>>>> Training: 0.994223102927208 0.9879394412040711 0.006283663376234472 0.0
Training: 0.9939737617969513 0.9880529969930649 0.005920763593167067 	Train per: 0.525048828125
	Val per: {'acc': 0.4771037181996086, 'mcc': 0.03005474977170138} 	Val loss: 1.0130187
	Test per: {'acc': 0.5438172043010753, 'mcc': 0.08402918433256179} 	Test loss: 0.9830404
epoch: 24 time: 0.2983 
----->>>>> Training: 0.9940017104148865 0.9880259513854981 0.005975758796557784 0.0
Training: 0.9934264659881592 0.9870881080627442 0.006338328588753939 	Train per: 0.527734375
	Val per: {'acc': 0.48101761252446185, 'mcc': 0.021816659354054743} 	Val loss: 1.0106372
	Test per: {'acc': 0.5674731182795699, 'mcc': 0.13520014975505334} 	Test loss: 0.97266877
epoch: 25 time: 0.2960 
----->>>>> Training: 0.9948242098093033 0.9892218440771103 0.0056023663375526665 0.0
Training: 0.9932179063558578 0.9867542594671249 0.006463651545345783 	Train per: 0.52822265625
	Val per: {'acc': 0.4876712328767123, 'mcc': 0.04418375208873797} 	Val loss: 1.0100145
	Test per: {'acc': 0.5451612903225806, 'mcc': 0.08778671911335163} 	Test loss: 0.9808797
epoch: 26 time: 0.3057 
----->>>>> Training: 0.992414265871048 0.9850718349218368 0.00734243611805141 0.0
Training: 0.99301677942276 0.9857833981513977 0.007233403157442808 	Train per: 0.5306640625
	Val per: {'acc': 0.48845401174168296, 'mcc': 0.021594513010487634} 	Val loss: 1.0110296
	Test per: {'acc': 0.5766129032258065, 'mcc': 0.15133191352240088} 	Test loss: 0.967419
epoch: 27 time: 0.3021 
----->>>>> Training: 0.9941148489713669 0.9865064024925232 0.007608446362428367 0.0
Training: 0.9932439863681793 0.9871229976415634 0.006120986770838499 	Train per: 0.526318359375
	Val per: {'acc': 0.4825831702544031, 'mcc': 0.03217572428822805} 	Val loss: 1.0115662
	Test per: {'acc': 0.535752688172043, 'mcc': 0.06922421219684118} 	Test loss: 0.98389184
epoch: 28 time: 0.2980 
----->>>>> Training: 0.9935025483369827 0.9880345374345779 0.005468020029366016 0.0
Training: 0.9928349047899246 0.9859605848789215 0.006874296348541975 	Train per: 0.5259765625
	Val per: {'acc': 0.4857142857142857, 'mcc': 0.03903724982524744} 	Val loss: 1.0128232
	Test per: {'acc': 0.5400537634408602, 'mcc': 0.0776708568637132} 	Test loss: 0.9829684
epoch: 29 time: 0.2991 
----->>>>> Training: 0.9926795810461044 0.9848903834819793 0.007789196749217808 0.0
Training: 0.9929524689912796 0.985521724820137 0.0074307359755039215 	Train per: 0.530078125
	Val per: {'acc': 0.4868884540117417, 'mcc': 0.01386558436349833} 	Val loss: 1.0132946
	Test per: {'acc': 0.5381720430107527, 'mcc': 0.07580592844768647} 	Test loss: 0.98072964
epoch: 30 time: 0.2983 
----->>>>> Training: 0.9933287173509597 0.9852802813053131 0.008048437489196657 0.0
Training: 0.9931370109319687 0.9858340650796891 0.007302954327315092 	Train per: 0.52548828125
	Val per: {'acc': 0.4774951076320939, 'mcc': 0.028794233078222008} 	Val loss: 1.0154996
	Test per: {'acc': 0.5387096774193548, 'mcc': 0.07388241225978029} 	Test loss: 0.98138046
epoch: 31 time: 0.2996 
----->>>>> Training: 0.9932701110839843 0.9870308876037598 0.006239215191453695 0.0
Training: 0.9926056444644928 0.9824980020523071 0.010107648558914661 	Train per: 0.529443359375
	Val per: {'acc': 0.49510763209393344, 'mcc': 0.0435454538750904} 	Val loss: 1.0105371
	Test per: {'acc': 0.5400537634408602, 'mcc': 0.07918205125073093} 	Test loss: 0.9770899
epoch: 32 time: 0.2985 
----->>>>> Training: 0.9917028844356537 0.9829542875289917 0.00874860086478293 0.0
Training: 0.9910740703344345 0.9832576364278793 0.007816452533006668 	Train per: 0.531494140625
	Val per: {'acc': 0.49471624266144815, 'mcc': 0.03446447055588897} 	Val loss: 1.0089383
	Test per: {'acc': 0.5456989247311828, 'mcc': 0.09084304188159367} 	Test loss: 0.9769739
epoch: 33 time: 0.2993 
----->>>>> Training: 0.9907073438167572 0.9807406961917877 0.009966650931164622 0.0
Training: 0.9892898917198181 0.9798306345939636 0.009459233842790127 	Train per: 0.53359375
	Val per: {'acc': 0.4904109589041096, 'mcc': 0.04700352207188864} 	Val loss: 1.0100831
	Test per: {'acc': 0.5486559139784947, 'mcc': 0.09514523691843581} 	Test loss: 0.972108
epoch: 34 time: 0.2986 
----->>>>> Training: 0.9894546926021576 0.9805676311254501 0.008887065201997757 0.0
Training: 0.9879531323909759 0.977316266298294 0.01063687913119793 	Train per: 0.534521484375
	Val per: {'acc': 0.500587084148728, 'mcc': 0.05830232745168023} 	Val loss: 1.0064216
	Test per: {'acc': 0.5567204301075269, 'mcc': 0.11239419200492658} 	Test loss: 0.96695477
epoch: 35 time: 0.3492 
----->>>>> Training: 0.9891029924154282 0.9759137392044067 0.013189255213364958 0.0
Training: 0.9899516940116883 0.9786229372024536 0.011328764259815216 	Train per: 0.531103515625
	Val per: {'acc': 0.4904109589041096, 'mcc': 0.05291767418611042} 	Val loss: 1.0095423
	Test per: {'acc': 0.5467741935483871, 'mcc': 0.09090588570282512} 	Test loss: 0.9696801
epoch: 36 time: 0.3005 
----->>>>> Training: 0.9897816717624665 0.9797494351863861 0.010032235132530331 0.0
Training: 0.9891660183668136 0.9782943695783615 0.010871662758290768 	Train per: 0.534765625
	Val per: {'acc': 0.50293542074364, 'mcc': 0.039914553438039936} 	Val loss: 1.0062039
	Test per: {'acc': 0.5688172043010753, 'mcc': 0.1361401731110862} 	Test loss: 0.9571268
epoch: 37 time: 0.3500 
----->>>>> Training: 0.993054810166359 0.983113956451416 0.009940855577588082 0.0
Training: 0.9896399229764938 0.9832035213708877 0.006436394061893225 	Train per: 0.532470703125
	Val per: {'acc': 0.499412915851272, 'mcc': 0.04172061684330721} 	Val loss: 1.0024027
	Test per: {'acc': 0.5615591397849462, 'mcc': 0.1210250331556619} 	Test loss: 0.9716698
epoch: 38 time: 0.2993 
----->>>>> Training: 0.9899650394916535 0.9812249064445495 0.008740130835212767 0.0
Training: 0.9899095386266709 0.9789105743169785 0.010998955927789211 	Train per: 0.528466796875
	Val per: {'acc': 0.4919765166340509, 'mcc': 0.07697977672659707} 	Val loss: 1.0111591
	Test per: {'acc': 0.546236559139785, 'mcc': 0.08925479154470015} 	Test loss: 0.9693084
epoch: 39 time: 0.2959 
----->>>>> Training: 0.9881987422704697 0.9772212505340576 0.010977487172931432 0.0
Training: 0.9884380877017975 0.9747446864843369 0.013693416491150856 	Train per: 0.5326171875
	Val per: {'acc': 0.49706457925636005, 'mcc': 0.030178476244605852} 	Val loss: 1.0091689
	Test per: {'acc': 0.5594086021505377, 'mcc': 0.11702812436990019} 	Test loss: 0.9550202
epoch: 40 time: 0.3002 
----->>>>> Training: 0.9883009731769562 0.9745565801858902 0.01374439410865307 0.0
Training: 0.9913128077983856 0.9796976983547211 0.011615118943154812 	Train per: 0.52744140625
	Val per: {'acc': 0.5287671232876713, 'mcc': 0.06461040538972512} 	Val loss: 0.9904855
	Test per: {'acc': 0.5801075268817204, 'mcc': 0.16800296281638952} 	Test loss: 0.95006275
epoch: 41 time: 0.3483 
----->>>>> Training: 0.9872656136751174 0.9767111629247666 0.010554451355710625 0.0
Training: 0.9886283695697784 0.9737959980964661 0.014832372777163982 	Train per: 0.530908203125
	Val per: {'acc': 0.49471624266144815, 'mcc': 0.07610819637738218} 	Val loss: 1.0061618
	Test per: {'acc': 0.5489247311827957, 'mcc': 0.09441653479161423} 	Test loss: 0.9623974
epoch: 42 time: 0.2986 
----->>>>> Training: 0.9881499886512757 0.9746109873056412 0.013539004605263472 0.0
Training: 0.9861972033977509 0.9752746522426605 0.010922546498477459 	Train per: 0.5330078125
	Val per: {'acc': 0.5064579256360078, 'mcc': 0.09385940932065445} 	Val loss: 1.0001097
	Test per: {'acc': 0.5478494623655914, 'mcc': 0.09268185600994852} 	Test loss: 0.9665938
epoch: 43 time: 0.3010 
----->>>>> Training: 0.9867367923259736 0.9691180378198624 0.017618757393211126 0.0
Training: 0.9875070571899414 0.9731217801570893 0.014385255053639412 	Train per: 0.537109375
	Val per: {'acc': 0.5213307240704501, 'mcc': 0.07832588237667208} 	Val loss: 0.99443007
	Test per: {'acc': 0.5701612903225807, 'mcc': 0.14021911198553857} 	Test loss: 0.9509854
epoch: 44 time: 0.2997 
----->>>>> Training: 0.9873434543609619 0.9756053388118744 0.011738113965839148 0.0
Training: 0.9846442133188248 0.9717142969369889 0.012929892167448997 	Train per: 0.53603515625
	Val per: {'acc': 0.50293542074364, 'mcc': 0.08116862943688971} 	Val loss: 1.0046865
	Test per: {'acc': 0.5623655913978495, 'mcc': 0.12213879767666741} 	Test loss: 0.95775014
epoch: 45 time: 0.2985 
----->>>>> Training: 0.9835121959447861 0.9694814264774323 0.01403077649883926 0.0
Training: 0.981729245185852 0.9653924465179443 0.016336806118488312 	Train per: 0.538671875
	Val per: {'acc': 0.5080234833659492, 'mcc': 0.08299147805517677} 	Val loss: 1.00431
	Test per: {'acc': 0.557258064516129, 'mcc': 0.11185099319329539} 	Test loss: 0.95183814
epoch: 46 time: 0.2963 
----->>>>> Training: 0.982805198431015 0.9636556923389434 0.019149497058242558 0.0
Training: 0.9813236087560654 0.9600727081298828 0.021250899881124496 	Train per: 0.539501953125
	Val per: {'acc': 0.5025440313111545, 'mcc': 0.07047019890337855} 	Val loss: 1.0044365
	Test per: {'acc': 0.5599462365591398, 'mcc': 0.1173231018517234} 	Test loss: 0.9450129
epoch: 47 time: 0.2988 
----->>>>> Training: 0.9832640022039414 0.9638622492551804 0.01940175676718354 0.0
Training: 0.9851545542478561 0.9678001821041107 0.017354371026158333 	Train per: 0.53359375
	Val per: {'acc': 0.49706457925636005, 'mcc': 0.0208691999018455} 	Val loss: 1.0110376
	Test per: {'acc': 0.5612903225806452, 'mcc': 0.12051720731503758} 	Test loss: 0.9460417
epoch: 48 time: 0.2967 
----->>>>> Training: 0.9865259051322937 0.9716743230819702 0.014851581258699297 0.0
Training: 0.9854918152093888 0.9749200463294982 0.010571767576038837 	Train per: 0.53349609375
	Val per: {'acc': 0.5095890410958904, 'mcc': 0.10554000005681068} 	Val loss: 1.0020279
	Test per: {'acc': 0.5543010752688172, 'mcc': 0.10583755529190496} 	Test loss: 0.961302
epoch: 49 time: 0.2959 
----->>>>> Training: 0.9835600674152374 0.9724092543125152 0.011150809889659285 0.0
Training: 0.9793662160634995 0.9598668575286865 0.01949934847652912 	Train per: 0.541015625
	Val per: {'acc': 0.5095890410958904, 'mcc': 0.08841126357242661} 	Val loss: 1.0008894
	Test per: {'acc': 0.5561827956989247, 'mcc': 0.10940707969648322} 	Test loss: 0.9475214
epoch: 50 time: 0.2966 
----->>>>> Training: 0.9786718547344208 0.9569288700819015 0.021742990519851447 0.0
Training: 0.9775457918643952 0.9526559621095657 0.02488984540104866 	Train per: 0.5412109375
	Val per: {'acc': 0.5107632093933464, 'mcc': 0.09659808057560298} 	Val loss: 0.9994797
	Test per: {'acc': 0.5556451612903226, 'mcc': 0.10850022485898193} 	Test loss: 0.9412083
epoch: 51 time: 0.3000 
----->>>>> Training: 0.9833989292383194 0.9605757504701614 0.02282317215576768 0.0
Training: 0.9861538946628571 0.9717920929193496 0.01436182577162981 	Train per: 0.53310546875
	Val per: {'acc': 0.5162426614481409, 'mcc': 0.07846908276342261} 	Val loss: 0.9951893
	Test per: {'acc': 0.5459677419354839, 'mcc': 0.09559087016305433} 	Test loss: 0.96157557
epoch: 52 time: 0.2979 
----->>>>> Training: 0.9837641686201095 0.9702829718589783 0.01348120803013444 0.0
Training: 0.9793635398149491 0.960281828045845 0.019081728532910347 	Train per: 0.54033203125
	Val per: {'acc': 0.5095890410958904, 'mcc': 0.08322627557092784} 	Val loss: 0.9988546
	Test per: {'acc': 0.5564516129032258, 'mcc': 0.1108074701556941} 	Test loss: 0.94962406
epoch: 53 time: 0.3110 
----->>>>> Training: 0.9794167160987854 0.9565754711627961 0.022841249033808707 0.0
Training: 0.9788360834121704 0.9576526522636414 0.021183447912335396 	Train per: 0.540673828125
	Val per: {'acc': 0.5037181996086105, 'mcc': 0.08244837893822503} 	Val loss: 1.0043708
	Test per: {'acc': 0.553494623655914, 'mcc': 0.10392414116103668} 	Test loss: 0.9466832
epoch: 54 time: 0.2975 
----->>>>> Training: 0.9817528158426285 0.9621136009693145 0.01963921603746712 0.0
Training: 0.9783429980278016 0.963183331489563 0.015159666538238525 	Train per: 0.54345703125
	Val per: {'acc': 0.5135029354207437, 'mcc': 0.08014755163594592} 	Val loss: 0.99644977
	Test per: {'acc': 0.5564516129032258, 'mcc': 0.11099615239956649} 	Test loss: 0.95494163
epoch: 55 time: 0.2999 
----->>>>> Training: 0.9824290752410889 0.9654389142990112 0.016990160429850222 0.0
Training: 0.9816858857870102 0.9628013461828232 0.018884513527154922 	Train per: 0.53583984375
	Val per: {'acc': 0.501761252446184, 'mcc': 0.05912020887882542} 	Val loss: 1.0046622
	Test per: {'acc': 0.5516129032258065, 'mcc': 0.10293566842196679} 	Test loss: 0.9525376
epoch: 56 time: 0.2995 
----->>>>> Training: 0.9816208183765411 0.962739709019661 0.01888111177831888 0.0
Training: 0.9793989479541778 0.958747485280037 0.020651480183005333 	Train per: 0.53837890625
	Val per: {'acc': 0.5037181996086105, 'mcc': 0.0677163598574484} 	Val loss: 1.0042114
	Test per: {'acc': 0.5567204301075269, 'mcc': 0.11159468646440888} 	Test loss: 0.9465722
epoch: 57 time: 0.3009 
----->>>>> Training: 0.9813670873641968 0.9615802198648453 0.01978686489164829 0.0
Training: 0.9821286827325821 0.962792044878006 0.019336633384227753 	Train per: 0.535400390625
	Val per: {'acc': 0.5091976516634051, 'mcc': 0.0775827164795762} 	Val loss: 0.9987809
	Test per: {'acc': 0.5489247311827957, 'mcc': 0.09688472210742603} 	Test loss: 0.9509142
epoch: 58 time: 0.3000 
----->>>>> Training: 0.9818920254707336 0.9627849161624908 0.01910712067037821 0.0
Training: 0.9794081270694732 0.9624535888433456 0.016954533755779266 	Train per: 0.53740234375
	Val per: {'acc': 0.5135029354207437, 'mcc': 0.08830536097317233} 	Val loss: 0.99451214
	Test per: {'acc': 0.5518817204301075, 'mcc': 0.10202025419282998} 	Test loss: 0.95151144
epoch: 59 time: 0.3031 
----->>>>> Training: 0.9753735840320588 0.953256893157959 0.022116688918322323 0.0
Training: 0.9755944937467576 0.9481640160083771 0.027430476620793343 	Train per: 0.54287109375
	Val per: {'acc': 0.5064579256360078, 'mcc': 0.06945590779239325} 	Val loss: 1.0003908
	Test per: {'acc': 0.5586021505376344, 'mcc': 0.11436732621698256} 	Test loss: 0.93726665
epoch: 60 time: 0.3014 
----->>>>> Training: 0.9749554306268692 0.9484749346971512 0.026480493322014808 0.0
Training: 0.9777722269296646 0.9547691285610199 0.02300308831036091 	Train per: 0.540283203125
	Val per: {'acc': 0.5084148727984344, 'mcc': 0.07766129692943374} 	Val loss: 0.9987684
	Test per: {'acc': 0.5529569892473118, 'mcc': 0.10350359174022963} 	Test loss: 0.9462426
epoch: 61 time: 0.3013 
----->>>>> Training: 0.979841411113739 0.9573711514472961 0.022470257338136436 0.0
Training: 0.9837180763483048 0.96601382791996 0.017704250290989876 	Train per: 0.5341796875
	Val per: {'acc': 0.5099804305283757, 'mcc': 0.10782349034630707} 	Val loss: 0.9986602
	Test per: {'acc': 0.5532258064516129, 'mcc': 0.10381960384257914} 	Test loss: 0.9522822
epoch: 62 time: 0.2974 
----->>>>> Training: 0.9849268853664398 0.9697662740945816 0.01516060931608081 0.0
Training: 0.9847493171691895 0.9710078775882721 0.01374143734574318 	Train per: 0.532666015625
	Val per: {'acc': 0.5174168297455969, 'mcc': 0.07971108566935507} 	Val loss: 0.9891084
	Test per: {'acc': 0.5448924731182796, 'mcc': 0.09291894765281576} 	Test loss: 0.96361834
epoch: 63 time: 0.2982 
----->>>>> Training: 0.9872725486755372 0.9706224769353866 0.016650072392076255 0.0
Training: 0.989223513007164 0.9770664870738983 0.012157049030065536 	Train per: 0.52568359375
	Val per: {'acc': 0.5088062622309197, 'mcc': 0.03346157209151993} 	Val loss: 1.0017015
	Test per: {'acc': 0.5384408602150538, 'mcc': 0.08455718572155492} 	Test loss: 0.9670155
epoch: 64 time: 0.3021 
----->>>>> Training: 0.9904957473278045 0.9814374774694443 0.009058266365900635 0.0
Training: 0.9939075529575347 0.9845683395862579 0.009339191019535065 	Train per: 0.52158203125
	Val per: {'acc': 0.5401174168297456, 'mcc': 0.06509813531607074} 	Val loss: 0.979336
	Test per: {'acc': 0.539247311827957, 'mcc': 0.09523801764527497} 	Test loss: 0.9716693
epoch: 65 time: 0.4057 
----->>>>> Training: 0.9977271586656571 0.9910061240196228 0.006721042637946084 0.0
Training: 0.9981742739677429 0.9969567388296128 0.0012175342999398708 	Train per: 0.5166015625
	Val per: {'acc': 0.5326810176125245, 'mcc': 0.03436534600522685} 	Val loss: 0.99372905
	Test per: {'acc': 0.5489247311827957, 'mcc': 0.12193688586230876} 	Test loss: 0.9912784
epoch: 66 time: 0.2974 
----->>>>> Training: 0.9964687049388885 0.9941343635320663 0.0023343353503150867 0.0
Training: 0.9918385207653045 0.9835422724485398 0.008296244777739048 	Train per: 0.52978515625
	Val per: {'acc': 0.5424657534246575, 'mcc': 0.08327478988504103} 	Val loss: 0.9790288
	Test per: {'acc': 0.5588709677419355, 'mcc': 0.1313980435016803} 	Test loss: 0.96764284
epoch: 67 time: 0.3471 
----->>>>> Training: 0.9871691077947616 0.9740415006875992 0.013127611530944706 0.0
Training: 0.9818044483661652 0.966852742433548 0.014951679855585098 	Train per: 0.539453125
	Val per: {'acc': 0.5264187866927593, 'mcc': 0.11368990957100775} 	Val loss: 0.9816365
	Test per: {'acc': 0.5615591397849462, 'mcc': 0.12109241303940271} 	Test loss: 0.94975334
epoch: 68 time: 0.2984 
----->>>>> Training: 0.9808635264635086 0.963799986243248 0.017063541105017066 0.0
Training: 0.9773309409618378 0.9547663509845734 0.022564567625522614 	Train per: 0.5451171875
	Val per: {'acc': 0.5452054794520548, 'mcc': 0.1225582060715714} 	Val loss: 0.96345174
	Test per: {'acc': 0.5653225806451613, 'mcc': 0.13173701866754048} 	Test loss: 0.93188006
epoch: 69 time: 0.3496 
----->>>>> Training: 0.9775546669960022 0.9539177149534226 0.023636952694505452 0.0
Training: 0.9778819948434829 0.9552386671304702 0.02264334075152874 	Train per: 0.541796875
	Val per: {'acc': 0.5158512720156556, 'mcc': 0.09143132143775476} 	Val loss: 0.98947966
	Test per: {'acc': 0.5637096774193548, 'mcc': 0.12490890710944563} 	Test loss: 0.9380314
epoch: 70 time: 0.2974 
----->>>>> Training: 0.9789984226226807 0.9566082805395126 0.022390144504606725 0.0
Training: 0.9780773669481277 0.9571402192115783 0.020937157794833183 	Train per: 0.53984375
	Val per: {'acc': 0.5295499021526419, 'mcc': 0.09664642962637007} 	Val loss: 0.9757545
	Test per: {'acc': 0.5669354838709677, 'mcc': 0.1332104699390432} 	Test loss: 0.9302443
epoch: 71 time: 0.2953 
----->>>>> Training: 0.9806545674800873 0.9616899013519287 0.01896466575562954 0.0
Training: 0.9777394324541092 0.9581075072288513 0.019631924107670784 	Train per: 0.542529296875
	Val per: {'acc': 0.5225048923679061, 'mcc': 0.08700696759110682} 	Val loss: 0.9846491
	Test per: {'acc': 0.5591397849462365, 'mcc': 0.11771654344763627} 	Test loss: 0.94133
epoch: 72 time: 0.2992 
----->>>>> Training: 0.9797050803899765 0.9569843351840973 0.02272074166685343 0.0
Training: 0.9744986355304718 0.9498105704784393 0.024688057601451874 	Train per: 0.544189453125
	Val per: {'acc': 0.5362035225048923, 'mcc': 0.1103262261222442} 	Val loss: 0.9671009
	Test per: {'acc': 0.5653225806451613, 'mcc': 0.1308151290341776} 	Test loss: 0.92778313
epoch: 73 time: 0.2981 
----->>>>> Training: 0.9827970951795578 0.960383978486061 0.022413124050945043 0.0
Training: 0.9917452871799469 0.9756959676742554 0.016049297526478767 	Train per: 0.5283203125
	Val per: {'acc': 0.5354207436399218, 'mcc': 0.10166146878188675} 	Val loss: 0.98450285
	Test per: {'acc': 0.5693548387096774, 'mcc': 0.1365323600274441} 	Test loss: 0.9431834
epoch: 74 time: 0.2960 
----->>>>> Training: 0.9840026915073394 0.9715728670358658 0.012429824098944664 0.0
Training: 0.9745016604661941 0.9528849631547928 0.02161671407520771 	Train per: 0.547021484375
	Val per: {'acc': 0.5275929549902153, 'mcc': 0.08797228990635075} 	Val loss: 0.975784
	Test per: {'acc': 0.5672043010752689, 'mcc': 0.1334236708832219} 	Test loss: 0.93422157
epoch: 75 time: 0.3007 
----->>>>> Training: 0.9753879487514496 0.9501041382551193 0.025283809565007687 0.0
Training: 0.9711929053068161 0.9393600314855576 0.031832896173000336 	Train per: 0.54892578125
	Val per: {'acc': 0.5330724070450098, 'mcc': 0.09027222914340396} 	Val loss: 0.96796054
	Test per: {'acc': 0.5771505376344086, 'mcc': 0.15279017814377727} 	Test loss: 0.90892196
epoch: 76 time: 0.2992 
----->>>>> Training: 0.9784592598676681 0.9476507425308227 0.030808517429977655 0.0
Training: 0.9948183804750442 0.978580218553543 0.016238175332546234 	Train per: 0.524072265625
	Val per: {'acc': 0.5412915851272015, 'mcc': 0.059841116952967316} 	Val loss: 0.9676435
	Test per: {'acc': 0.5532258064516129, 'mcc': 0.12660588533043812} 	Test loss: 0.95219636
epoch: 77 time: 0.2965 
----->>>>> Training: 0.9984917134046555 0.9934145271778106 0.005077188284485601 0.0
Training: 0.9990211486816406 0.9983500003814697 0.0006711453897878528 	Train per: 0.510546875
	Val per: {'acc': 0.550293542074364, 'mcc': 0.03165530546119186} 	Val loss: 0.9940001
	Test per: {'acc': 0.5129032258064516, 'mcc': 0.056312995291668784} 	Test loss: 0.99709177
epoch: 78 time: 0.3495 
----->>>>> Training: 0.9996399074792862 0.9987509459257126 0.0008889717064448632 0.0
Training: 0.9988560557365418 0.9970093786716461 0.0018466803012415767 	Train per: 0.510791015625
	Val per: {'acc': 0.549119373776908, 'mcc': 0.0304209566094511} 	Val loss: 0.9903874
	Test per: {'acc': 0.5131720430107527, 'mcc': 0.054071475253877704} 	Test loss: 0.99481136
epoch: 79 time: 0.2981 
----->>>>> Training: 0.9993617922067642 0.9975890427827835 0.001772746001370251 0.0
Training: 0.9980921685695648 0.9959952801465988 0.002096879528835416 	Train per: 0.51240234375
	Val per: {'acc': 0.5506849315068493, 'mcc': 0.034561760057664155} 	Val loss: 0.9876973
	Test per: {'acc': 0.5193548387096775, 'mcc': 0.07151631791037862} 	Test loss: 0.9933259
epoch: 80 time: 0.3456 
----->>>>> Training: 0.9986878514289856 0.9972590148448944 0.0014288362115621566 0.0
Training: 0.9978192567825317 0.9941871911287308 0.0036320670042186975 	Train per: 0.513818359375
	Val per: {'acc': 0.5463796477495108, 'mcc': 0.030778708538040354} 	Val loss: 0.98504895
	Test per: {'acc': 0.5231182795698924, 'mcc': 0.0784412745547741} 	Test loss: 0.9897402
epoch: 81 time: 0.2966 
----->>>>> Training: 0.9979820519685745 0.9954406052827836 0.0025414449512027202 0.0
Training: 0.9964552283287048 0.9929327160120011 0.0035225150641053915 	Train per: 0.517333984375
	Val per: {'acc': 0.55146771037182, 'mcc': 0.05146970131770769} 	Val loss: 0.9850372
	Test per: {'acc': 0.5301075268817205, 'mcc': 0.0893974652455091} 	Test loss: 0.9883315
epoch: 82 time: 0.3501 
----->>>>> Training: 0.9960127413272858 0.990789070725441 0.005223670566920191 0.0
Training: 0.9947983652353287 0.990464398264885 0.004333964549005032 	Train per: 0.523388671875
	Val per: {'acc': 0.5549902152641879, 'mcc': 0.07268531483552779} 	Val loss: 0.9848778
	Test per: {'acc': 0.5370967741935484, 'mcc': 0.09376099723808744} 	Test loss: 0.9838827
epoch: 83 time: 0.3476 
----->>>>> Training: 0.9935065358877182 0.9875225782394409 0.00598395389970392 0.0
Training: 0.9890595287084579 0.9802431017160416 0.008816445246338844 	Train per: 0.5400390625
	Val per: {'acc': 0.5389432485322896, 'mcc': 0.10820649348685472} 	Val loss: 0.98604023
	Test per: {'acc': 0.5575268817204301, 'mcc': 0.11802461944934166} 	Test loss: 0.9680146
epoch: 84 time: 0.2976 
----->>>>> Training: 0.9878824144601822 0.9740015476942062 0.013880866533145308 0.0
Training: 0.9858282923698425 0.9722241133451461 0.013604193925857544 	Train per: 0.5388671875
	Val per: {'acc': 0.5189823874755382, 'mcc': 0.1039902878709008} 	Val loss: 0.9908486
	Test per: {'acc': 0.5647849462365592, 'mcc': 0.12778089651247732} 	Test loss: 0.9523048
epoch: 85 time: 0.3005 
----->>>>> Training: 0.9873316764831543 0.9754104256629944 0.011921253334730864 0.0
Training: 0.9839499294757843 0.9703188836574554 0.013631039299070835 	Train per: 0.5400390625
	Val per: {'acc': 0.5228962818003914, 'mcc': 0.10908690789884944} 	Val loss: 0.98658985
	Test per: {'acc': 0.5653225806451613, 'mcc': 0.12903539671993586} 	Test loss: 0.9494234
epoch: 86 time: 0.2993 
----->>>>> Training: 0.9831547766923905 0.9672512441873551 0.01590353869833052 0.0
Training: 0.9794833987951279 0.9629897832870483 0.016493607312440872 	Train per: 0.543603515625
	Val per: {'acc': 0.5432485322896282, 'mcc': 0.1304168064236056} 	Val loss: 0.9731273
	Test per: {'acc': 0.5672043010752689, 'mcc': 0.13470951190525074} 	Test loss: 0.94328743
epoch: 87 time: 0.3005 
----->>>>> Training: 0.9810568541288376 0.9618631601333618 0.019193696090951562 0.0
Training: 0.977967718243599 0.953989002108574 0.023978732526302338 	Train per: 0.543359375
	Val per: {'acc': 0.5385518590998043, 'mcc': 0.1083877984633263} 	Val loss: 0.96683615
	Test per: {'acc': 0.5682795698924731, 'mcc': 0.13716066676980646} 	Test loss: 0.929261
epoch: 88 time: 0.3015 
----->>>>> Training: 0.9833479464054108 0.9652167707681656 0.018131182016804814 0.0
Training: 0.9818277478218078 0.9663798332214355 0.015447917394340038 	Train per: 0.5380859375
	Val per: {'acc': 0.5307240704500978, 'mcc': 0.10815994970163548} 	Val loss: 0.981652
	Test per: {'acc': 0.560752688172043, 'mcc': 0.11992502729131055} 	Test loss: 0.95101166
epoch: 89 time: 0.3012 
----->>>>> Training: 0.9819774955511094 0.9637821555137634 0.018195336544886233 0.0
Training: 0.9826766014099121 0.9664534628391266 0.016223140060901642 	Train per: 0.538671875
	Val per: {'acc': 0.5373776908023483, 'mcc': 0.10408790521925022} 	Val loss: 0.9788518
	Test per: {'acc': 0.5602150537634408, 'mcc': 0.11823425658692219} 	Test loss: 0.9450189
epoch: 90 time: 0.2977 
----->>>>> Training: 0.9811097055673599 0.9629781574010849 0.018131545605137946 0.0
Training: 0.9786454647779464 0.9577146977186203 0.020930783823132515 	Train per: 0.540771484375
	Val per: {'acc': 0.5362035225048923, 'mcc': 0.11715016781849874} 	Val loss: 0.97882015
	Test per: {'acc': 0.5599462365591398, 'mcc': 0.11876892147030826} 	Test loss: 0.93881947
epoch: 91 time: 0.2988 
----->>>>> Training: 0.9806185632944107 0.9601227283477783 0.020495831780135632 0.0
Training: 0.9793658286333085 0.9544400632381439 0.02492574043571949 	Train per: 0.540673828125
	Val per: {'acc': 0.5279843444227006, 'mcc': 0.11404388126969692} 	Val loss: 0.97985005
	Test per: {'acc': 0.5682795698924731, 'mcc': 0.13467208989116503} 	Test loss: 0.9261512
epoch: 92 time: 0.2989 
----->>>>> Training: 0.9800719738006591 0.9587254762649536 0.021346495300531388 0.0
Training: 0.9781544953584671 0.9554461359977722 0.022708376869559288 	Train per: 0.540869140625
	Val per: {'acc': 0.5272015655577299, 'mcc': 0.11118270014656552} 	Val loss: 0.98251456
	Test per: {'acc': 0.5731182795698925, 'mcc': 0.1440123617441235} 	Test loss: 0.927528
epoch: 93 time: 0.2995 
----->>>>> Training: 0.9796795457601547 0.9579213351011276 0.021758212894201278 0.0
Training: 0.9778294086456298 0.9565984725952148 0.021230924874544144 	Train per: 0.539697265625
	Val per: {'acc': 0.5373776908023483, 'mcc': 0.11127506515664949} 	Val loss: 0.97340864
	Test per: {'acc': 0.5717741935483871, 'mcc': 0.14204799924552788} 	Test loss: 0.9267574
epoch: 94 time: 0.2980 
----->>>>> Training: 0.9773753643035888 0.9517472982406616 0.02562806401401758 0.0
Training: 0.9761013269424439 0.9533938020467758 0.02270752750337124 	Train per: 0.54365234375
	Val per: {'acc': 0.5307240704500978, 'mcc': 0.1074049200205153} 	Val loss: 0.97914857
	Test per: {'acc': 0.5709677419354838, 'mcc': 0.13993165201714208} 	Test loss: 0.931649
epoch: 95 time: 0.3014 
----->>>>> Training: 0.9778351664543152 0.9604316145181656 0.017403549654409288 0.0
Training: 0.974600076675415 0.9553253054618835 0.019274761900305748 	Train per: 0.545703125
	Val per: {'acc': 0.5362035225048923, 'mcc': 0.10241423255386006} 	Val loss: 0.97774965
	Test per: {'acc': 0.5706989247311828, 'mcc': 0.1398581200376343} 	Test loss: 0.9361021
epoch: 96 time: 0.2996 
----->>>>> Training: 0.9766359120607376 0.9465338051319122 0.030102119222283362 0.0
Training: 0.9765151143074036 0.95302354991436 0.02349158748984337 	Train per: 0.54287109375
	Val per: {'acc': 0.5236790606653621, 'mcc': 0.09719592182470692} 	Val loss: 0.9878801
	Test per: {'acc': 0.560752688172043, 'mcc': 0.11962442094214126} 	Test loss: 0.9372822
epoch: 97 time: 0.2982 
----->>>>> Training: 0.9782299906015396 0.9584249436855317 0.019805043842643498 0.0
Training: 0.9762057185173034 0.9535918951034545 0.022613799199461937 	Train per: 0.543994140625
	Val per: {'acc': 0.5283757338551859, 'mcc': 0.10511485604177824} 	Val loss: 0.9849929
	Test per: {'acc': 0.5766129032258065, 'mcc': 0.15110838537249177} 	Test loss: 0.9272675
epoch: 98 time: 0.2993 
----->>>>> Training: 0.9781161844730377 0.9556553423404693 0.022460844460874797 0.0
Training: 0.9806166619062424 0.9616257190704346 0.01899094134569168 	Train per: 0.540966796875
	Val per: {'acc': 0.5342465753424658, 'mcc': 0.10332903806432675} 	Val loss: 0.9786804
	Test per: {'acc': 0.5553763440860215, 'mcc': 0.10909986678895342} 	Test loss: 0.95187324
epoch: 99 time: 0.3051 
----->>>>> Training: 0.9830217003822327 0.9645890593528748 0.018432634603232145 0.0
Training: 0.980003422498703 0.9604284793138504 0.019574962556362152 	Train per: 0.538916015625
	Val per: {'acc': 0.5181996086105675, 'mcc': 0.08951728395797555} 	Val loss: 0.9928147
	Test per: {'acc': 0.5483870967741935, 'mcc': 0.09409498874060056} 	Test loss: 0.9542169
epoch: 100 time: 0.3006 
----->>>>> Training: 0.9788532853126526 0.9588827461004257 0.019970535207539795 0.0
Training: 0.9777561157941819 0.9536593228578567 0.02409680001437664 	Train per: 0.541064453125
	Val per: {'acc': 0.5205479452054794, 'mcc': 0.09496403113354776} 	Val loss: 0.9884391
	Test per: {'acc': 0.5489247311827957, 'mcc': 0.0947508889335738} 	Test loss: 0.9482611
epoch: 101 time: 0.2989 
----->>>>> Training: 0.9800454109907151 0.9560812532901763 0.02396416515111923 0.0
Training: 0.983163732290268 0.9628600060939789 0.02030373550951481 	Train per: 0.53564453125
	Val per: {'acc': 0.5510763209393347, 'mcc': 0.10521750268821621} 	Val loss: 0.9588855
	Test per: {'acc': 0.564247311827957, 'mcc': 0.1310265010638298} 	Test loss: 0.93399626
epoch: 102 time: 0.3035 
----->>>>> Training: 0.9845045745372772 0.9693600028753281 0.015144571801647544 0.0
Training: 0.9853081345558167 0.9689580053091049 0.016350120306015015 	Train per: 0.532080078125
	Val per: {'acc': 0.5150684931506849, 'mcc': 0.08724809607542201} 	Val loss: 0.9975279
	Test per: {'acc': 0.5513440860215054, 'mcc': 0.1019305911976127} 	Test loss: 0.95635104
epoch: 103 time: 0.2999 
----->>>>> Training: 0.9857005119323731 0.9692776709794998 0.01642284719273448 0.0
Training: 0.9836580574512481 0.9716231644153595 0.012034893967211246 	Train per: 0.53662109375
	Val per: {'acc': 0.5123287671232877, 'mcc': 0.08441348614391814} 	Val loss: 0.99928623
	Test per: {'acc': 0.5564516129032258, 'mcc': 0.1110127038309611} 	Test loss: 0.9580346
epoch: 104 time: 0.2981 
----->>>>> Training: 0.9832274049520493 0.9691338747739792 0.014093532506376506 0.0
Training: 0.9845163136720657 0.9640341341495514 0.020482173189520836 	Train per: 0.5341796875
	Val per: {'acc': 0.4954990215264188, 'mcc': 0.05794245056273326} 	Val loss: 1.0119902
	Test per: {'acc': 0.5502688172043011, 'mcc': 0.09779356217924336} 	Test loss: 0.9546309
epoch: 105 time: 0.3008 
----->>>>> Training: 0.9859085112810135 0.969480785727501 0.01642772206105292 0.0
Training: 0.9836659848690033 0.9676324546337127 0.016033506020903587 	Train per: 0.535205078125
	Val per: {'acc': 0.49510763209393344, 'mcc': 0.06043627827737549} 	Val loss: 1.0114243
	Test per: {'acc': 0.5454301075268817, 'mcc': 0.08770723262039674} 	Test loss: 0.9606706
epoch: 106 time: 0.3036 
----->>>>> Training: 0.9837124109268188 0.9651572436094285 0.01855516554787755 0.0
Training: 0.9805381149053574 0.9632694572210312 0.017268670722842216 	Train per: 0.537939453125
	Val per: {'acc': 0.49980430528375736, 'mcc': 0.064736838745194} 	Val loss: 1.0086905
	Test per: {'acc': 0.5502688172043011, 'mcc': 0.09775860825885936} 	Test loss: 0.9546167
epoch: 107 time: 0.2987 
----->>>>> Training: 0.9791145980358124 0.9632487505674362 0.015865852078422903 0.0
Training: 0.9774754583835602 0.9567622452974319 0.02071322686970234 	Train per: 0.54052734375
	Val per: {'acc': 0.524853228962818, 'mcc': 0.09416999538814037} 	Val loss: 0.9866651
	Test per: {'acc': 0.5610215053763441, 'mcc': 0.1208602009559678} 	Test loss: 0.9413843
epoch: 108 time: 0.2960 
----->>>>> Training: 0.9814635962247849 0.955804842710495 0.025658751465380193 0.0
Training: 0.9862304747104644 0.9701040089130402 0.016126461327075958 	Train per: 0.531640625
	Val per: {'acc': 0.5487279843444227, 'mcc': 0.07322704932278049} 	Val loss: 0.967667
	Test per: {'acc': 0.5701612903225807, 'mcc': 0.1476623043645561} 	Test loss: 0.9380233
epoch: 109 time: 0.3006 
----->>>>> Training: 0.9856548994779587 0.9742634147405624 0.01139148473739624 0.0
Training: 0.9802259176969528 0.961631891131401 0.018594032153487206 	Train per: 0.538818359375
	Val per: {'acc': 0.5244618395303327, 'mcc': 0.060128300982878045} 	Val loss: 0.98772675
	Test per: {'acc': 0.5655913978494623, 'mcc': 0.13087843143756928} 	Test loss: 0.9386527
epoch: 110 time: 0.2971 
----->>>>> Training: 0.9815629005432129 0.9556067645549774 0.02595613747835159 0.0
Training: 0.9821733385324478 0.9651502549648285 0.017023084685206413 	Train per: 0.536083984375
	Val per: {'acc': 0.5001956947162427, 'mcc': 0.06156336460070365} 	Val loss: 1.0102115
	Test per: {'acc': 0.5467741935483871, 'mcc': 0.09031721980895643} 	Test loss: 0.95663387
epoch: 111 time: 0.2971 
----->>>>> Training: 0.9824732959270477 0.9652997553348541 0.017173534305766226 0.0
Training: 0.9840071111917496 0.9666907012462616 0.01731640286743641 	Train per: 0.533642578125
	Val per: {'acc': 0.500587084148728, 'mcc': 0.06259535051138947} 	Val loss: 1.0092388
	Test per: {'acc': 0.553494623655914, 'mcc': 0.1039753509861366} 	Test loss: 0.9515407
epoch: 112 time: 0.2954 
----->>>>> Training: 0.9847706615924835 0.9674986064434051 0.017272054636850952 0.0
Training: 0.9835213333368301 0.9701383024454117 0.013383021578192711 	Train per: 0.53369140625
	Val per: {'acc': 0.4939334637964775, 'mcc': 0.049337936258361005} 	Val loss: 1.0099812
	Test per: {'acc': 0.5389784946236559, 'mcc': 0.07471843964901452} 	Test loss: 0.96665806
epoch: 113 time: 0.2983 
----->>>>> Training: 0.9842885941267013 0.9725131988525391 0.01177539019845426 0.0
Training: 0.9832012861967087 0.9703841418027878 0.012817127630114555 	Train per: 0.535302734375
	Val per: {'acc': 0.49510763209393344, 'mcc': 0.045864951928674194} 	Val loss: 1.0089141
	Test per: {'acc': 0.5379032258064517, 'mcc': 0.07294771372001957} 	Test loss: 0.9673185
epoch: 114 time: 0.2960 
----->>>>> Training: 0.9820599138736725 0.9597841620445251 0.022275749454274775 0.0
Training: 0.9837558984756469 0.9623819172382355 0.02137397602200508 	Train per: 0.535302734375
	Val per: {'acc': 0.5197651663405088, 'mcc': 0.038444341405356734} 	Val loss: 0.9897564
	Test per: {'acc': 0.5556451612903226, 'mcc': 0.11331846798261035} 	Test loss: 0.94029593
epoch: 115 time: 0.2988 
----->>>>> Training: 0.9849267154932022 0.9695337921380996 0.015392922796308994 0.0
Training: 0.9855286002159118 0.9718177437782287 0.013710876926779747 	Train per: 0.53193359375
	Val per: {'acc': 0.539334637964775, 'mcc': 0.05680239172100084} 	Val loss: 0.9760272
	Test per: {'acc': 0.5543010752688172, 'mcc': 0.11614800777795319} 	Test loss: 0.9520909
epoch: 116 time: 0.2985 
----->>>>> Training: 0.9864509224891662 0.9730932414531708 0.013357687089592219 0.0
Training: 0.9851117551326751 0.9716291308403016 0.013482611626386642 	Train per: 0.53193359375
	Val per: {'acc': 0.5397260273972603, 'mcc': 0.058768055232583515} 	Val loss: 0.9827872
	Test per: {'acc': 0.5494623655913978, 'mcc': 0.1070676337329984} 	Test loss: 0.95768094
epoch: 117 time: 0.2979 
----->>>>> Training: 0.9843371421098709 0.9704360991716385 0.01390104480087757 0.0
Training: 0.9838273376226425 0.9650929987430572 0.018734348937869072 	Train per: 0.533251953125
	Val per: {'acc': 0.5444227005870842, 'mcc': 0.08104386866141713} 	Val loss: 0.9707044
	Test per: {'acc': 0.5588709677419355, 'mcc': 0.12042875477311688} 	Test loss: 0.9422291
epoch: 118 time: 0.2992 
----->>>>> Training: 0.9855258733034133 0.9673331439495086 0.018192722415551543 0.0
Training: 0.9901377439498902 0.9701365172863007 0.02000122144818306 	Train per: 0.525732421875
	Val per: {'acc': 0.5522504892367907, 'mcc': 0.0741403403825616} 	Val loss: 0.9681376
	Test per: {'acc': 0.5478494623655914, 'mcc': 0.10696940237115934} 	Test loss: 0.9505201
epoch: 119 time: 0.2972 
----->>>>> Training: 0.9896690934896469 0.9768441677093506 0.012824923312291504 0.0
Training: 0.9878972470760345 0.9795328676700592 0.008364363573491573 	Train per: 0.52939453125
	Val per: {'acc': 0.546771037181996, 'mcc': 0.06982726976556225} 	Val loss: 0.9837818
	Test per: {'acc': 0.5513440860215054, 'mcc': 0.110566429810477} 	Test loss: 0.9663518
epoch: 120 time: 0.2984 
----->>>>> Training: 0.9885361105203628 0.9788476169109345 0.009688490349799395 0.0
Training: 0.9867105692625046 0.9738574892282486 0.012853058986365795 	Train per: 0.530859375
	Val per: {'acc': 0.5506849315068493, 'mcc': 0.08114944990968899} 	Val loss: 0.9814714
	Test per: {'acc': 0.5521505376344086, 'mcc': 0.11186383878356787} 	Test loss: 0.9585603
epoch: 121 time: 0.2992 
----->>>>> Training: 0.9830831915140152 0.9662886559963226 0.01679453100077808 0.0
Training: 0.9801113247871399 0.9611439943313599 0.018967323005199432 	Train per: 0.538232421875
	Val per: {'acc': 0.5326810176125245, 'mcc': 0.07665155735099038} 	Val loss: 0.9818029
	Test per: {'acc': 0.5586021505376344, 'mcc': 0.11591954425806636} 	Test loss: 0.9438483
epoch: 122 time: 0.2956 
----->>>>> Training: 0.9807440131902695 0.9594218671321869 0.02132213907316327 0.0
Training: 0.9792560368776322 0.9543108433485031 0.024945179000496864 	Train per: 0.537841796875
	Val per: {'acc': 0.5217221135029354, 'mcc': 0.06608245114625633} 	Val loss: 0.9869023
	Test per: {'acc': 0.5553763440860215, 'mcc': 0.11020974829632937} 	Test loss: 0.9394823
epoch: 123 time: 0.2994 
----->>>>> Training: 0.9803601801395416 0.9599763065576553 0.020383874513208868 0.0
Training: 0.9803722560405731 0.9606353163719177 0.01973693072795868 	Train per: 0.536083984375
	Val per: {'acc': 0.5287671232876713, 'mcc': 0.06603439462835928} 	Val loss: 0.9867708
	Test per: {'acc': 0.5701612903225807, 'mcc': 0.14088004068707907} 	Test loss: 0.9329205
epoch: 124 time: 0.2964 
----->>>>> Training: 0.9808098286390304 0.9616695761680603 0.01914024893194437 0.0
Training: 0.9794879615306854 0.9625625073909759 0.016925446689128876 	Train per: 0.539794921875
	Val per: {'acc': 0.5178082191780822, 'mcc': 0.04339923974493638} 	Val loss: 0.995835
	Test per: {'acc': 0.5666666666666667, 'mcc': 0.13431289436832994} 	Test loss: 0.939583
epoch: 125 time: 0.2987 
----->>>>> Training: 0.9817711591720581 0.9644034892320633 0.01736766742542386 0.0
Training: 0.9812700182199479 0.9573150306940079 0.023954978212714195 	Train per: 0.53896484375
	Val per: {'acc': 0.536986301369863, 'mcc': 0.07275500122516407} 	Val loss: 0.9855696
	Test per: {'acc': 0.5631720430107527, 'mcc': 0.12659848062107015} 	Test loss: 0.92863935
epoch: 126 time: 0.3005 
----->>>>> Training: 0.9789763808250427 0.9572764009237289 0.02169998474419117 0.0
Training: 0.9765798479318619 0.9565070897340775 0.020072784274816513 	Train per: 0.542529296875
	Val per: {'acc': 0.5213307240704501, 'mcc': 0.06576726587705814} 	Val loss: 0.993531
	Test per: {'acc': 0.5650537634408602, 'mcc': 0.12985461697407735} 	Test loss: 0.9368383
epoch: 127 time: 0.2992 
----->>>>> Training: 0.9781266719102859 0.955152404308319 0.022974268067628145 0.0
Training: 0.9776260673999786 0.9532397240400314 0.024386322125792503 	Train per: 0.539208984375
	Val per: {'acc': 0.5209393346379648, 'mcc': 0.0735519025855873} 	Val loss: 0.99286556
	Test per: {'acc': 0.5682795698924731, 'mcc': 0.13620598094777664} 	Test loss: 0.9275406
epoch: 128 time: 0.3015 
----->>>>> Training: 0.9798268586397171 0.95672547519207 0.023101383820176125 0.0
Training: 0.979374036192894 0.958758756518364 0.020615262910723686 	Train per: 0.538916015625
	Val per: {'acc': 0.4904109589041096, 'mcc': 0.038179434988313846} 	Val loss: 1.0163068
	Test per: {'acc': 0.5586021505376344, 'mcc': 0.11484936332331978} 	Test loss: 0.94439304
epoch: 129 time: 0.3030 
----->>>>> Training: 0.9809855610132218 0.9641285836696625 0.01685698083601892 0.0
Training: 0.9792392134666443 0.9563986480236053 0.02284057065844536 	Train per: 0.540185546875
	Val per: {'acc': 0.49471624266144815, 'mcc': 0.0376635022148388} 	Val loss: 1.0130064
	Test per: {'acc': 0.5591397849462365, 'mcc': 0.11740767995650665} 	Test loss: 0.9413271
epoch: 130 time: 0.2996 
----->>>>> Training: 0.9807337760925293 0.9607174456119537 0.02001632866449654 0.0
Training: 0.9796164035797119 0.9636180400848389 0.015998389571905136 	Train per: 0.54189453125
	Val per: {'acc': 0.510371819960861, 'mcc': 0.059683515516827136} 	Val loss: 1.0036671
	Test per: {'acc': 0.5647849462365592, 'mcc': 0.1295441318244904} 	Test loss: 0.94660527
epoch: 131 time: 0.2990 
----->>>>> Training: 0.9807576596736908 0.9575819373130798 0.02317572496831417 0.0
Training: 0.9778279960155487 0.9555002152919769 0.022327806800603867 	Train per: 0.542333984375
	Val per: {'acc': 0.5150684931506849, 'mcc': 0.06326258859070777} 	Val loss: 0.998484
	Test per: {'acc': 0.571505376344086, 'mcc': 0.14289482233769119} 	Test loss: 0.9289741
epoch: 132 time: 0.2978 
----->>>>> Training: 0.97844118475914 0.9598091810941696 0.018632002361118793 0.0
Training: 0.9767822563648224 0.9549357235431671 0.021846560761332512 	Train per: 0.54453125
	Val per: {'acc': 0.5021526418786693, 'mcc': 0.046468730796971204} 	Val loss: 1.0087343
	Test per: {'acc': 0.567741935483871, 'mcc': 0.1340703307045511} 	Test loss: 0.9344906
epoch: 133 time: 0.3022 
----->>>>> Training: 0.9757553160190582 0.95052769780159 0.02522761356085539 0.0
Training: 0.9750344038009644 0.9464810997247696 0.028553305193781853 	Train per: 0.54462890625
	Val per: {'acc': 0.5091976516634051, 'mcc': 0.05793373305096888} 	Val loss: 1.0008298
	Test per: {'acc': 0.567741935483871, 'mcc': 0.13388322346613177} 	Test loss: 0.92336124
epoch: 134 time: 0.2988 
----->>>>> Training: 0.975821453332901 0.9500802487134934 0.025741201266646384 0.0
Training: 0.9751108825206757 0.9525254309177399 0.022585470229387283 	Train per: 0.543896484375
	Val per: {'acc': 0.5225048923679061, 'mcc': 0.05163674371680923} 	Val loss: 0.9895837
	Test per: {'acc': 0.5731182795698925, 'mcc': 0.14753212780795258} 	Test loss: 0.9248534
epoch: 135 time: 0.3012 
----->>>>> Training: 0.9749059081077576 0.9478486448526382 0.027057267166674136 0.0
Training: 0.9768186450004578 0.9540400743484497 0.022778574377298355 	Train per: 0.542333984375
	Val per: {'acc': 0.5444227005870842, 'mcc': 0.0756485893732948} 	Val loss: 0.97271675
	Test per: {'acc': 0.5704301075268817, 'mcc': 0.1456496186468485} 	Test loss: 0.92412895
epoch: 136 time: 0.3012 
----->>>>> Training: 0.9821906924247742 0.9638845533132553 0.018306136457249524 0.0
Training: 0.977140411734581 0.9630253165960312 0.014115097932517529 	Train per: 0.54365234375
	Val per: {'acc': 0.5260273972602739, 'mcc': 0.05189439507890429} 	Val loss: 0.9893568
	Test per: {'acc': 0.5755376344086022, 'mcc': 0.15189053995654958} 	Test loss: 0.93734276
epoch: 137 time: 0.2987 
----->>>>> Training: 0.9746293544769287 0.952545553445816 0.022083804151043294 0.0
Training: 0.9739110440015792 0.9413637518882751 0.032547272741794586 	Train per: 0.54462890625
	Val per: {'acc': 0.5225048923679061, 'mcc': 0.072062529522929} 	Val loss: 0.98559046
	Test per: {'acc': 0.5723118279569892, 'mcc': 0.14418684347753627} 	Test loss: 0.9096206
epoch: 138 time: 0.2986 
----->>>>> Training: 0.9756923884153366 0.9490415394306183 0.026650851778686046 0.0
Training: 0.9739120900630951 0.9482249319553375 0.02568713203072548 	Train per: 0.54443359375
	Val per: {'acc': 0.5244618395303327, 'mcc': 0.08381445868366987} 	Val loss: 0.9871646
	Test per: {'acc': 0.5637096774193548, 'mcc': 0.12699852417646668} 	Test loss: 0.92724425
epoch: 139 time: 0.2979 
----->>>>> Training: 0.9746621549129486 0.9500967860221863 0.024565366841852666 0.0
Training: 0.9728857040405273 0.944905373454094 0.027980346232652664 	Train per: 0.54619140625
	Val per: {'acc': 0.5193737769080234, 'mcc': 0.07671950663295835} 	Val loss: 0.993874
	Test per: {'acc': 0.5631720430107527, 'mcc': 0.1259734246239577} 	Test loss: 0.9259697
epoch: 140 time: 0.2956 
----->>>>> Training: 0.97552470266819 0.9443890213966369 0.031135687977075575 0.0
Training: 0.9729208618402481 0.9468254745006561 0.02609536424279213 	Train per: 0.545361328125
	Val per: {'acc': 0.5158512720156556, 'mcc': 0.07245727078150574} 	Val loss: 0.99672496
	Test per: {'acc': 0.5615591397849462, 'mcc': 0.12202116623073607} 	Test loss: 0.928508
epoch: 141 time: 0.2981 
----->>>>> Training: 0.9748319804668426 0.9484680384397507 0.026363947708159686 0.0
Training: 0.9732608586549759 0.950230997800827 0.023029839619994164 	Train per: 0.544140625
	Val per: {'acc': 0.5275929549902153, 'mcc': 0.0886253371080924} 	Val loss: 0.9852221
	Test per: {'acc': 0.5604838709677419, 'mcc': 0.12062021176301667} 	Test loss: 0.9338059
epoch: 142 time: 0.2978 
----->>>>> Training: 0.974014800786972 0.95113225877285 0.022882536984980106 0.0
Training: 0.9732379227876663 0.9439045071601868 0.029333431273698807 	Train per: 0.543310546875
	Val per: {'acc': 0.5326810176125245, 'mcc': 0.0941476098544378} 	Val loss: 0.9775313
	Test per: {'acc': 0.5661290322580645, 'mcc': 0.13165575132892823} 	Test loss: 0.92030764
epoch: 143 time: 0.3112 
----->>>>> Training: 0.9737710148096085 0.9432971566915512 0.030473859608173372 0.0
Training: 0.9730869442224502 0.9456788748502731 0.027408068999648094 	Train per: 0.545556640625
	Val per: {'acc': 0.5185909980430529, 'mcc': 0.06803238256825642} 	Val loss: 0.9902203
	Test per: {'acc': 0.5653225806451613, 'mcc': 0.129665888506401} 	Test loss: 0.92773783
epoch: 144 time: 0.2986 
----->>>>> Training: 0.9749332249164582 0.9517655521631241 0.02316766930744052 0.0
Training: 0.9727001845836639 0.9428575694561004 0.029842624440789223 	Train per: 0.543994140625
	Val per: {'acc': 0.5209393346379648, 'mcc': 0.07271611659676258} 	Val loss: 0.9889401
	Test per: {'acc': 0.5639784946236559, 'mcc': 0.1261378100853207} 	Test loss: 0.91785467
epoch: 145 time: 0.2996 
----->>>>> Training: 0.9733490765094757 0.9473655760288239 0.0259835010394454 0.0
Training: 0.970965176820755 0.9453186690807343 0.025646531954407692 	Train per: 0.5458984375
	Val per: {'acc': 0.5252446183953033, 'mcc': 0.07989331920210851} 	Val loss: 0.9837535
	Test per: {'acc': 0.5620967741935484, 'mcc': 0.12316224822816335} 	Test loss: 0.9291449
epoch: 146 time: 0.2984 
----->>>>> Training: 0.971018934249878 0.9410515040159225 0.029967427160590886 0.0
Training: 0.9710369288921357 0.9386922299861908 0.03234471008181572 	Train per: 0.54755859375
	Val per: {'acc': 0.513894324853229, 'mcc': 0.05466212051115597} 	Val loss: 0.9989493
	Test per: {'acc': 0.557258064516129, 'mcc': 0.11391374208492529} 	Test loss: 0.9311101
epoch: 147 time: 0.2988 
----->>>>> Training: 0.9717136800289154 0.9426004350185394 0.029113240353763104 0.0
Training: 0.9736983835697174 0.9457877308130265 0.02791067771613598 	Train per: 0.54580078125
	Val per: {'acc': 0.5401174168297456, 'mcc': 0.07001606633487058} 	Val loss: 0.97454834
	Test per: {'acc': 0.5591397849462365, 'mcc': 0.12272084800137249} 	Test loss: 0.9279928
epoch: 148 time: 0.2968 
----->>>>> Training: 0.9720666915178299 0.944678807258606 0.027387886587530375 0.0
Training: 0.9718020796775818 0.9455307990312576 0.02627127803862095 	Train per: 0.54599609375
	Val per: {'acc': 0.5162426614481409, 'mcc': 0.048482474588101725} 	Val loss: 0.99631095
	Test per: {'acc': 0.5588709677419355, 'mcc': 0.11644812984693458} 	Test loss: 0.931366
epoch: 149 time: 0.3014 

Best Valid performance: {'acc': 0.5549902152641879, 'mcc': 0.07268531483552779}
	Best Test performance: {'acc': 0.5370967741935484, 'mcc': 0.09376099723808744}/home/ffl/anaconda2/envs/py36/lib/python3.6/site-packages/h5py/__init__.py:34: FutureWarning: Conversion of the second argument of issubdtype from `float` to `np.floating` is deprecated. In future, it will be treated as `np.float64 == np.dtype(float).type`.
  from ._conv import register_converters as _register_converters

