2018-07-09 02:45:10.942932: I tensorflow/core/platform/cpu_feature_guard.cc:140] Your CPU supports instructions that this TensorFlow binary was not compiled to use: AVX2 FMA
Namespace(action='train', adv=0, alpha_l2=0.001, att=1, batch_size=1024, beta_adv=0.01, epoch=150, epsilon_adv=0.01, fix_init=0, gpu=0, hinge_lose=1, learning_rate=0.01, log_file='./tune.log', model='pure_lstm', model_path='/home/ffl/nus/MM/fintech/tweet_stock/exp', model_save_path='/home/ffl/nus/MM/fintech/tweet_stock/exp/kdd/att_lstm_rep1/r3/model', path='/home/ffl/nus/MM/fintech/tweet_stock/data/kdd17/cla', reload=0, script_file='lstm.py', seq=15, step=1, unit=16, week=0)
50  tickers selected
2518 trading dates:
0 2014 2266
64307  training instances
8070  validation instances
7398  testing instances
device name: /cpu:0
with attention
adversarial scope
adversial part
with attention
----->>>>> Training: 0.9929867717954848 0.992228973479498 0.7577941767753117 0.0
Training: 0.9775195433979943 0.9768311097508385 0.6884455680847168 	Train per: 0.5125558035714286
	Val per: {'acc': 0.4895910780669145, 'mcc': 0.0} 	Val loss: 1.0083824
	Test per: {'acc': 0.5283860502838605, 'mcc': -0.010981762575638881} 	Test loss: 0.95671284
epoch: 0 time: 3.0652 
----->>>>> Training: 0.9749144741467067 0.9742720552853176 0.6424126161469353 0.0
Training: 0.967867908969758 0.967223344341157 0.6445921659469604 	Train per: 0.5196552579365079
	Val per: {'acc': 0.49417596034696404, 'mcc': 0.015115120005569242} 	Val loss: 1.0011125
	Test per: {'acc': 0.5279805352798054, 'mcc': 0.015125228898030649} 	Test loss: 0.9534698
epoch: 1 time: 2.7771 
----->>>>> Training: 0.963824607077099 0.9631210073592171 0.7036002950062827 0.0
Training: 0.9568696097722129 0.9561001138081626 0.7694993615150452 	Train per: 0.5272197420634921
	Val per: {'acc': 0.49925650557620815, 'mcc': 0.015414353810334467} 	Val loss: 1.0011823
	Test per: {'acc': 0.517977831846445, 'mcc': 0.001910304822045101} 	Test loss: 0.9595288
epoch: 2 time: 2.7673 
----->>>>> Training: 0.9560377692419385 0.9552391899956597 0.798580685305217 0.0
Training: 0.9493490561606392 0.9485377177359566 0.8113649487495422 	Train per: 0.5291728670634921
	Val per: {'acc': 0.5064436183395291, 'mcc': 0.024462662784704887} 	Val loss: 0.991482
	Test per: {'acc': 0.5217626385509597, 'mcc': 0.025159897376881988} 	Test loss: 0.96075785
epoch: 3 time: 2.7827 
----->>>>> Training: 0.9438228824781993 0.9429791446716066 0.8437401188744439 0.0
Training: 0.9566156372191414 0.9557348612755064 0.8807777166366577 	Train per: 0.5321490575396826
	Val per: {'acc': 0.49033457249070633, 'mcc': -0.01070548823235753} 	Val loss: 1.0187944
	Test per: {'acc': 0.5083806434171397, 'mcc': -0.012647715389256756} 	Test loss: 0.9807329
epoch: 4 time: 2.7468 
----->>>>> Training: 0.9396959675682915 0.938864961503044 0.8310045145806813 0.0
Training: 0.9326563922185747 0.9318322387952653 0.8241483569145203 	Train per: 0.5405040922619048
	Val per: {'acc': 0.5086741016109045, 'mcc': 0.026836476527703493} 	Val loss: 0.9977373
	Test per: {'acc': 0.513787510137875, 'mcc': 0.013035417652530731} 	Test loss: 0.9760468
epoch: 5 time: 2.7853 
----->>>>> Training: 0.9296150330513243 0.9288263273617577 0.7887032486143566 0.0
Training: 0.9276922174862453 0.9269114562443325 0.7807762622833252 	Train per: 0.5425192212301587
	Val per: {'acc': 0.5047087980173482, 'mcc': 0.015618945705124851} 	Val loss: 0.9987072
	Test per: {'acc': 0.5163557718302244, 'mcc': 0.02283661466311936} 	Test loss: 0.9743372
epoch: 6 time: 2.7234 
----->>>>> Training: 0.9292823322235592 0.928521920764257 0.7604106087533254 0.0
Training: 0.9231541847425794 0.9224054311949109 0.7487803101539612 	Train per: 0.5419921875
	Val per: {'acc': 0.5104089219330855, 'mcc': 0.030670969953518992} 	Val loss: 0.9913761
	Test per: {'acc': 0.5171668018383346, 'mcc': 0.019661569372188836} 	Test loss: 0.9693285
epoch: 7 time: 2.8272 
----->>>>> Training: 0.9233190918725634 0.9225628366546025 0.7562546909801544 0.0
Training: 0.9199606076119438 0.9191861048577323 0.7744856476783752 	Train per: 0.5447203621031746
	Val per: {'acc': 0.5102850061957869, 'mcc': 0.0293240455212971} 	Val loss: 0.99666834
	Test per: {'acc': 0.5171668018383346, 'mcc': 0.02110833953955337} 	Test loss: 0.974234
epoch: 8 time: 2.7426 
----->>>>> Training: 0.922038009242406 0.9212818732337346 0.7561365280832563 0.0
Training: 0.9199592490044851 0.9191862363663931 0.7729950547218323 	Train per: 0.5440693204365079
	Val per: {'acc': 0.5048327137546469, 'mcc': 0.018616427851121903} 	Val loss: 0.9917249
	Test per: {'acc': 0.517977831846445, 'mcc': 0.021636350924399382} 	Test loss: 0.968644
epoch: 9 time: 2.7278 
----->>>>> Training: 0.9219125906626383 0.9211385637994797 0.7740296447087848 0.0
Training: 0.9163165035701933 0.9155352058864775 0.7812706828117371 	Train per: 0.5482235863095238
	Val per: {'acc': 0.5026022304832714, 'mcc': 0.01538249170528032} 	Val loss: 0.9983522
	Test per: {'acc': 0.5168964585022979, 'mcc': 0.015730396274442015} 	Test loss: 0.9658407
epoch: 10 time: 2.7413 
----->>>>> Training: 0.9170826597819253 0.9162932255911449 0.7894334461953905 0.0
Training: 0.9120017592869107 0.9112068121395414 0.7949524521827698 	Train per: 0.5513857886904762
	Val per: {'acc': 0.5086741016109045, 'mcc': 0.02776287758491184} 	Val loss: 0.99175435
	Test per: {'acc': 0.520816436874831, 'mcc': 0.02674212090639168} 	Test loss: 0.964236
epoch: 11 time: 2.7404 
----->>>>> Training: 0.9131413064305745 0.9123113089137607 0.8299999378976368 0.0
Training: 0.9189102583461337 0.9180971913867526 0.8130400776863098 	Train per: 0.5447513640873016
	Val per: {'acc': 0.5116480793060719, 'mcc': 0.031858022848479446} 	Val loss: 0.9821802
	Test per: {'acc': 0.5202757502027575, 'mcc': 0.029423656153271954} 	Test loss: 0.9629779
epoch: 12 time: 2.7641 
----->>>>> Training: 0.9158723770626007 0.9150532502976675 0.8191229568587409 0.0
Training: 0.9049321365734887 0.9040791941067529 0.852935791015625 	Train per: 0.5546409970238095
	Val per: {'acc': 0.5003717472118959, 'mcc': 0.011445244388433876} 	Val loss: 0.9965964
	Test per: {'acc': 0.5214922952149229, 'mcc': 0.022915508549016226} 	Test loss: 0.95940757
epoch: 13 time: 2.7303 
----->>>>> Training: 0.907715998944782 0.9068641624753437 0.8518361269481598 0.0
Training: 0.9067093398835924 0.9058398869302537 0.8694479465484619 	Train per: 0.5530133928571429
	Val per: {'acc': 0.49925650557620815, 'mcc': 0.007549666560361697} 	Val loss: 1.0065546
	Test per: {'acc': 0.5227088402270884, 'mcc': 0.026682075641452755} 	Test loss: 0.96315646
epoch: 14 time: 2.7308 
----->>>>> Training: 0.9048647984625802 0.9039909480110048 0.8738504430604359 0.0
Training: 0.8962067554867457 0.8952741216099451 0.9326203465461731 	Train per: 0.5601438492063492
	Val per: {'acc': 0.5028500619578686, 'mcc': 0.014550919703303846} 	Val loss: 1.0016689
	Test per: {'acc': 0.5281157069478237, 'mcc': 0.04164856345031127} 	Test loss: 0.9558863
epoch: 15 time: 2.7324 
----->>>>> Training: 0.9011284169696626 0.9002098601961893 0.9185511034632486 0.0
Training: 0.8945156193914867 0.8936009861174083 0.9146419167518616 	Train per: 0.5600973462301587
	Val per: {'acc': 0.5008674101610905, 'mcc': 0.011189847680008351} 	Val loss: 1.000616
	Test per: {'acc': 0.526088131927548, 'mcc': 0.03656750980978083} 	Test loss: 0.95393735
epoch: 16 time: 2.7247 
----->>>>> Training: 0.901550999709538 0.9006260415864369 0.9249560539684598 0.0
Training: 0.896576189805591 0.8956559536949037 0.9202114939689636 	Train per: 0.5588417658730159
	Val per: {'acc': 0.5049566294919455, 'mcc': 0.02026902880034243} 	Val loss: 0.9979863
	Test per: {'acc': 0.526088131927548, 'mcc': 0.035154243369424465} 	Test loss: 0.9563014
epoch: 17 time: 2.7248 
----->>>>> Training: 0.8978057219868615 0.8968652780093844 0.9404445971761431 0.0
Training: 0.8956496554707724 0.8947088557576376 0.9407840371131897 	Train per: 0.5587797619047619
	Val per: {'acc': 0.5061957868649318, 'mcc': 0.020730642824032624} 	Val loss: 0.9920966
	Test per: {'acc': 0.5256826169234928, 'mcc': 0.03939995939475471} 	Test loss: 0.952742
epoch: 18 time: 2.7361 
----->>>>> Training: 0.8966721097628275 0.8957051048203121 0.9670037315005348 0.0
Training: 0.8890387822711279 0.8880358745181371 1.0029014348983765 	Train per: 0.5620659722222222
	Val per: {'acc': 0.5083023543990087, 'mcc': 0.02858793079064761} 	Val loss: 0.9942325
	Test per: {'acc': 0.5224384968910516, 'mcc': 0.026646454962628068} 	Test loss: 0.9556068
epoch: 19 time: 2.7214 
----->>>>> Training: 0.892083674196213 0.8910421104658217 1.041559548605056 0.0
Training: 0.8869460802229624 0.8859170060309153 1.029097318649292 	Train per: 0.5641431051587301
	Val per: {'acc': 0.5006195786864932, 'mcc': 0.01109662826685013} 	Val loss: 1.0010179
	Test per: {'acc': 0.525006758583401, 'mcc': 0.033011693768530255} 	Test loss: 0.9547405
epoch: 20 time: 2.7229 
----->>>>> Training: 0.8915054334534539 0.8904469268662589 1.0585051169471136 0.0
Training: 0.8807618892382062 0.8796738064478314 1.088107943534851 	Train per: 0.5662512400793651
	Val per: {'acc': 0.5089219330855018, 'mcc': 0.029230787347970646} 	Val loss: 0.9956584
	Test per: {'acc': 0.5256826169234928, 'mcc': 0.03435657170303258} 	Test loss: 0.95211834
epoch: 21 time: 2.7304 
----->>>>> Training: 0.88921967006865 0.8881295219300285 1.0901440249549017 0.0
Training: 0.8875178250055464 0.8864370139818343 1.0807843208312988 	Train per: 0.5631045386904762
	Val per: {'acc': 0.49950433705080544, 'mcc': 0.010145165772012264} 	Val loss: 1.0044751
	Test per: {'acc': 0.5264936469316032, 'mcc': 0.03200921330277644} 	Test loss: 0.9490829
epoch: 22 time: 2.7159 
----->>>>> Training: 0.8872944003059751 0.8862000817344302 1.0943187626581343 0.0
Training: 0.8825606968667772 0.8814642098214891 1.0964984893798828 	Train per: 0.5660652281746031
	Val per: {'acc': 0.5055762081784386, 'mcc': 0.017937141001773203} 	Val loss: 0.9909484
	Test per: {'acc': 0.5327115436604488, 'mcc': 0.05488778239736609} 	Test loss: 0.9409353
epoch: 23 time: 2.7400 
----->>>>> Training: 0.8884907166163126 0.8873687821721273 1.1219313031151181 0.0
Training: 0.8831418203929114 0.8820054578402686 1.1363905668258667 	Train per: 0.5646546378968254
	Val per: {'acc': 0.506815365551425, 'mcc': 0.02357834949743684} 	Val loss: 0.9949012
	Test per: {'acc': 0.5329818869964855, 'mcc': 0.051476069343809654} 	Test loss: 0.938978
epoch: 24 time: 2.7332 
----->>>>> Training: 0.8850937750604417 0.8839539809832497 1.1397955758231026 0.0
Training: 0.871683434834556 0.8705215614939493 1.1618671417236328 	Train per: 0.5709325396825397
	Val per: {'acc': 0.5090458488228005, 'mcc': 0.028491611836798072} 	Val loss: 0.9894562
	Test per: {'acc': 0.526088131927548, 'mcc': 0.03729099644915725} 	Test loss: 0.9513026
epoch: 25 time: 2.7270 
----->>>>> Training: 0.8806949286233812 0.8795406137193952 1.1543157933250305 0.0
Training: 0.8776723345120748 0.8765331705411276 1.1391621828079224 	Train per: 0.5668557787698413
	Val per: {'acc': 0.5114002478314746, 'mcc': 0.03223626666631254} 	Val loss: 0.9858713
	Test per: {'acc': 0.5289267369559341, 'mcc': 0.044447455368916616} 	Test loss: 0.9450936
epoch: 26 time: 2.7313 
----->>>>> Training: 0.8761916775552053 0.8750128481123183 1.1788297778084165 0.0
Training: 0.8673203615915208 0.8661261825334459 1.1941794157028198 	Train per: 0.5717695932539683
	Val per: {'acc': 0.5091697645600991, 'mcc': 0.027351718748669217} 	Val loss: 0.9886573
	Test per: {'acc': 0.5317653419843201, 'mcc': 0.04987063955424135} 	Test loss: 0.94125026
epoch: 27 time: 2.7400 
----->>>>> Training: 0.8751104814665658 0.8739377108831254 1.172771928802369 0.0
Training: 0.8768382129215059 0.8757028040431795 1.135420322418213 	Train per: 0.5685453869047619
	Val per: {'acc': 0.5080545229244114, 'mcc': 0.023231286789802855} 	Val loss: 0.9896161
	Test per: {'acc': 0.5333874020005407, 'mcc': 0.0571667215277444} 	Test loss: 0.9369538
epoch: 28 time: 2.7292 
----->>>>> Training: 0.8794058230188158 0.8782629919430566 1.1428295468527174 0.0
Training: 0.8773091217828175 0.8761715671372792 1.1375597715377808 	Train per: 0.5663132440476191
	Val per: {'acc': 0.5034696406443618, 'mcc': 0.01590930956174377} 	Val loss: 0.9990023
	Test per: {'acc': 0.5294674236280076, 'mcc': 0.042713905480383195} 	Test loss: 0.9468866
epoch: 29 time: 2.7550 
----->>>>> Training: 0.8784097925065055 0.8772566015758212 1.1531878482727778 0.0
Training: 0.8733819931272476 0.8722385376218765 1.1434617042541504 	Train per: 0.5700489831349206
	Val per: {'acc': 0.4946716232961586, 'mcc': -0.004406058250208472} 	Val loss: 1.010353
	Test per: {'acc': 0.5309543119762098, 'mcc': 0.04901559836208148} 	Test loss: 0.94042456
epoch: 30 time: 2.7449 
----->>>>> Training: 0.8715019443678478 0.8703425602307395 1.1593806781466045 0.0
Training: 0.8757288153209384 0.8745592529811557 1.1695905923843384 	Train per: 0.5670262896825397
	Val per: {'acc': 0.4988847583643123, 'mcc': 0.006309973801045905} 	Val loss: 1.0066432
	Test per: {'acc': 0.5232495268991619, 'mcc': 0.028434457771208586} 	Test loss: 0.9536586
epoch: 31 time: 2.7201 
----->>>>> Training: 0.8721274052347455 0.8709606745886425 1.166728038636465 0.0
Training: 0.8649584338778541 0.8638200447672889 1.1384068727493286 	Train per: 0.5731026785714286
	Val per: {'acc': 0.49925650557620815, 'mcc': 0.006742370315876937} 	Val loss: 1.0009234
	Test per: {'acc': 0.5281157069478237, 'mcc': 0.04017189910972093} 	Test loss: 0.944199
epoch: 32 time: 2.7720 
----->>>>> Training: 0.8679266609842815 0.8667695172249325 1.1571453204230657 0.0
Training: 0.8626663287480673 0.861511250336965 1.1550613641738892 	Train per: 0.5741412450396826
	Val per: {'acc': 0.5029739776951673, 'mcc': 0.014526846957695317} 	Val loss: 0.9976636
	Test per: {'acc': 0.5227088402270884, 'mcc': 0.02974306237737542} 	Test loss: 0.9506785
epoch: 33 time: 2.7190 
----->>>>> Training: 0.8626246736163184 0.8614647833127824 1.159887705530439 0.0
Training: 0.8583759627644978 0.8572373352353535 1.1386263370513916 	Train per: 0.5776754712301587
	Val per: {'acc': 0.5006195786864932, 'mcc': 0.010153911689575516} 	Val loss: 1.0020415
	Test per: {'acc': 0.532441200324412, 'mcc': 0.05003727736061446} 	Test loss: 0.9406123
epoch: 34 time: 2.7343 
----->>>>> Training: 0.8644656198365348 0.8633150590790643 1.1505626894178844 0.0
Training: 0.8687127147402082 0.867554954120091 1.1577386856079102 	Train per: 0.5714595734126984
	Val per: {'acc': 0.49380421313506817, 'mcc': -0.004583389954283793} 	Val loss: 1.0112433
	Test per: {'acc': 0.5247364152473641, 'mcc': 0.030866828051921556} 	Test loss: 0.94967335
epoch: 35 time: 2.7409 
----->>>>> Training: 0.865973328787183 0.8648227396465483 1.1505936270668393 0.0
Training: 0.881972298735664 0.8808371282759166 1.1351619958877563 	Train per: 0.5638640873015873
	Val per: {'acc': 0.5141263940520446, 'mcc': 0.03442737949403379} 	Val loss: 0.98135906
	Test per: {'acc': 0.5204109218707759, 'mcc': 0.03342950373302888} 	Test loss: 0.9573582
epoch: 36 time: 2.7694 
----->>>>> Training: 0.8674886415875147 0.8663485816546849 1.140058439875406 0.0
Training: 0.8542470373804607 0.8531023897821941 1.1446750164031982 	Train per: 0.5798456101190477
	Val per: {'acc': 0.5053283767038413, 'mcc': 0.018246926702260566} 	Val loss: 0.9940611
	Test per: {'acc': 0.5369018653690186, 'mcc': 0.062360623776003266} 	Test loss: 0.9375589
epoch: 37 time: 2.7381 
----->>>>> Training: 0.8858303777755253 0.8846991421684386 1.131234848310077 0.0
Training: 0.9030991149327111 0.9020532918354821 1.0458133220672607 	Train per: 0.5531374007936508
	Val per: {'acc': 0.4939281288723668, 'mcc': -0.0046649244471975515} 	Val loss: 1.0051727
	Test per: {'acc': 0.5239253852392538, 'mcc': 0.027046533785663532} 	Test loss: 0.95515335
epoch: 38 time: 2.7275 
----->>>>> Training: 0.8811847671629891 0.8800707440527659 1.1140256136182756 0.0
Training: 0.8621272643407186 0.8609615763028463 1.1656713485717773 	Train per: 0.574156746031746
	Val per: {'acc': 0.4996282527881041, 'mcc': 0.005824697018322187} 	Val loss: 1.000258
	Test per: {'acc': 0.5241957285752906, 'mcc': 0.03546528250227133} 	Test loss: 0.95721513
epoch: 39 time: 2.7431 
----->>>>> Training: 0.868219276269277 0.867068642661685 1.1506326028278895 0.0
Training: 0.8565812442037795 0.8554587099287245 1.1225131750106812 	Train per: 0.5773964533730159
	Val per: {'acc': 0.5053283767038413, 'mcc': 0.02052486037448157} 	Val loss: 0.9901082
	Test per: {'acc': 0.527845363611787, 'mcc': 0.03870397481195438} 	Test loss: 0.94580334
epoch: 40 time: 2.7260 
----->>>>> Training: 0.8583071042620947 0.8571656166561066 1.1414905900046939 0.0
Training: 0.8611710222940596 0.8600358518343123 1.1351765394210815 	Train per: 0.5767299107142857
	Val per: {'acc': 0.5, 'mcc': 0.008788347467004526} 	Val loss: 0.99635494
	Test per: {'acc': 0.5336577453365775, 'mcc': 0.05187702872152288} 	Test loss: 0.9400547
epoch: 41 time: 2.7276 
----->>>>> Training: 0.8621148552213397 0.8609687468362233 1.146105442728315 0.0
Training: 0.8544895535423642 0.8533419257118589 1.147628664970398 	Train per: 0.5789775545634921
	Val per: {'acc': 0.5065675340768278, 'mcc': 0.022909350619566993} 	Val loss: 0.9925988
	Test per: {'acc': 0.5268991619356583, 'mcc': 0.03771418743877064} 	Test loss: 0.9465226
epoch: 42 time: 2.7324 
----->>>>> Training: 0.8563611668253702 0.8552131785286797 1.1479853561946325 0.0
Training: 0.8508812539161198 0.8497331492484562 1.1481096744537354 	Train per: 0.5814112103174603
	Val per: {'acc': 0.511276332094176, 'mcc': 0.029940922926238525} 	Val loss: 0.9845587
	Test per: {'acc': 0.5262233035955663, 'mcc': 0.041042760321011035} 	Test loss: 0.94904447
epoch: 43 time: 2.7195 
----->>>>> Training: 0.8572170062670632 0.856072743733724 1.1442595398615276 0.0
Training: 0.8649549436947656 0.8638142300030541 1.1407289505004883 	Train per: 0.5724826388888888
	Val per: {'acc': 0.5096654275092937, 'mcc': 0.027096562215409504} 	Val loss: 0.981309
	Test per: {'acc': 0.5212219518788862, 'mcc': 0.03168232307706762} 	Test loss: 0.9552176
epoch: 44 time: 2.7730 
----->>>>> Training: 0.8693330940746126 0.8681937077688793 1.13938221666548 0.0
Training: 0.8590712651373849 0.8579315647246346 1.139723777770996 	Train per: 0.5758463541666666
	Val per: {'acc': 0.5050805452292441, 'mcc': 0.01743201550579154} 	Val loss: 0.9908754
	Test per: {'acc': 0.5304136253041363, 'mcc': 0.04841916645404306} 	Test loss: 0.94084954
epoch: 45 time: 2.7374 
----->>>>> Training: 0.860742243509444 0.859593755669064 1.1484886899827018 0.0
Training: 0.8535249611688038 0.8523741742921254 1.1507686376571655 	Train per: 0.5793495783730159
	Val per: {'acc': 0.5006195786864932, 'mcc': 0.009139902513421908} 	Val loss: 1.0059842
	Test per: {'acc': 0.5360908353609084, 'mcc': 0.05765355575062045} 	Test loss: 0.9336787
epoch: 46 time: 2.7461 
----->>>>> Training: 0.8684836938267663 0.8673352627527147 1.1484353107119363 0.0
Training: 0.8614613451654949 0.8603118695910015 1.1494978666305542 	Train per: 0.5740327380952381
	Val per: {'acc': 0.5078066914498142, 'mcc': 0.025243257066381725} 	Val loss: 0.98565966
	Test per: {'acc': 0.5252771019194377, 'mcc': 0.03462664127949312} 	Test loss: 0.9500096
epoch: 47 time: 2.7277 
----->>>>> Training: 0.8594779665507968 0.8583210981081403 1.156869061409481 0.0
Training: 0.8531216259986635 0.851962613681006 1.1590007543563843 	Train per: 0.5785590277777778
	Val per: {'acc': 0.5086741016109045, 'mcc': 0.027088967358665072} 	Val loss: 0.9853872
	Test per: {'acc': 0.534198432008651, 'mcc': 0.05230905683035968} 	Test loss: 0.9357642
epoch: 48 time: 2.7495 
----->>>>> Training: 0.8663679181583344 0.8652119418931385 1.1559761913995894 0.0
Training: 0.8666250062367272 0.8654848885914636 1.1400998830795288 	Train per: 0.5709015376984127
	Val per: {'acc': 0.5028500619578686, 'mcc': 0.013850754499701076} 	Val loss: 0.9949298
	Test per: {'acc': 0.5286563936198972, 'mcc': 0.043180358984839934} 	Test loss: 0.9432348
epoch: 49 time: 2.7460 
----->>>>> Training: 0.8597294972056434 0.8585605271278866 1.1689696671470764 0.0
Training: 0.8451011133572411 0.843917067088778 1.1840165853500366 	Train per: 0.5820777529761905
	Val per: {'acc': 0.5086741016109045, 'mcc': 0.0260039694620135} 	Val loss: 0.98864996
	Test per: {'acc': 0.5312246553122466, 'mcc': 0.04891461928363582} 	Test loss: 0.940595
epoch: 50 time: 2.7480 
----->>>>> Training: 0.8532177172009907 0.8520408859328618 1.176830569903056 0.0
Training: 0.8510210334308563 0.8498332916744171 1.187743902206421 	Train per: 0.5803106398809523
	Val per: {'acc': 0.5039653035935564, 'mcc': 0.013520578955440609} 	Val loss: 0.99263674
	Test per: {'acc': 0.5356853203568532, 'mcc': 0.061791220778163396} 	Test loss: 0.9335871
epoch: 51 time: 2.7429 
----->>>>> Training: 0.859528816881634 0.858342378858536 1.1864377089909144 0.0
Training: 0.8607546696587215 0.8595884451790462 1.1662452220916748 	Train per: 0.5747767857142857
	Val per: {'acc': 0.5055762081784386, 'mcc': 0.021787367696369214} 	Val loss: 0.9903296
	Test per: {'acc': 0.5310894836442281, 'mcc': 0.04596355551760797} 	Test loss: 0.93739253
epoch: 52 time: 2.7254 
----->>>>> Training: 0.8572873785382226 0.8560987635264321 1.1886179598550948 0.0
Training: 0.8535505164237249 0.8523524034590948 1.1980971097946167 	Train per: 0.5783730158730159
	Val per: {'acc': 0.5047087980173482, 'mcc': 0.020002065592930125} 	Val loss: 0.99761087
	Test per: {'acc': 0.530683968640173, 'mcc': 0.043613195668629666} 	Test loss: 0.94132125
epoch: 53 time: 2.7330 
----->>>>> Training: 0.8580282680572026 0.8568263649940491 1.2019015437080747 0.0
Training: 0.8470490366693527 0.8458472878213913 1.2017409801483154 	Train per: 0.5822947668650794
	Val per: {'acc': 0.5087980173482032, 'mcc': 0.023506930763692015} 	Val loss: 0.98636323
	Test per: {'acc': 0.5296025952960259, 'mcc': 0.04843115628824204} 	Test loss: 0.9430281
epoch: 54 time: 2.7725 
----->>>>> Training: 0.8535342311102246 0.8523276505016145 1.2065819993851676 0.0
Training: 0.843507638999394 0.8422986183847699 1.2090396881103516 	Train per: 0.5833953373015873
	Val per: {'acc': 0.509913258983891, 'mcc': 0.028201933779520242} 	Val loss: 0.98650503
	Test per: {'acc': 0.5331170586645039, 'mcc': 0.05290004168135962} 	Test loss: 0.9371956
epoch: 55 time: 2.7376 
----->>>>> Training: 0.8501520875900511 0.8489399476656838 1.2121370349611555 0.0
Training: 0.8404778147500659 0.8392593766015674 1.2184107303619385 	Train per: 0.5850074404761905
	Val per: {'acc': 0.5061957868649318, 'mcc': 0.019128680127075172} 	Val loss: 0.98975885
	Test per: {'acc': 0.5314949986482833, 'mcc': 0.05155019243459851} 	Test loss: 0.9398757
epoch: 56 time: 2.7416 
----->>>>> Training: 0.8536670993244837 0.8524420232999892 1.2250715588766432 0.0
Training: 0.8459590758596148 0.8447304453168597 1.228607416152954 	Train per: 0.5818452380952381
	Val per: {'acc': 0.5092936802973977, 'mcc': 0.02579410346303788} 	Val loss: 0.982857
	Test per: {'acc': 0.5263584752635847, 'mcc': 0.04080412708049228} 	Test loss: 0.9459359
epoch: 57 time: 2.7341 
----->>>>> Training: 0.8550164690093388 0.8537853123649718 1.2311568449413965 0.0
Training: 0.8442773468910701 0.84304740504613 1.2299648523330688 	Train per: 0.5833023313492064
	Val per: {'acc': 0.5109045848822801, 'mcc': 0.02945069901573737} 	Val loss: 0.98528755
	Test per: {'acc': 0.5337929170045959, 'mcc': 0.05488620418241493} 	Test loss: 0.93589133
epoch: 58 time: 2.7430 
----->>>>> Training: 0.8497446406455267 0.8485025839200095 1.2420575259223816 0.0
Training: 0.851656867398156 0.8504111899269952 1.2456607818603516 	Train per: 0.5788380456349206
	Val per: {'acc': 0.5076827757125155, 'mcc': 0.023693692491621347} 	Val loss: 0.98969626
	Test per: {'acc': 0.531359826980265, 'mcc': 0.04797889346880165} 	Test loss: 0.94609493
epoch: 59 time: 2.7283 
----->>>>> Training: 0.855803820821974 0.8545608321825663 1.2429915515203325 0.0
Training: 0.8447534574402703 0.8435014618767632 1.2519948482513428 	Train per: 0.5823257688492064
	Val per: {'acc': 0.5089219330855018, 'mcc': 0.02532147171886068} 	Val loss: 0.9863679
	Test per: {'acc': 0.5323060286563936, 'mcc': 0.05128503637758577} 	Test loss: 0.94297564
epoch: 60 time: 2.7464 
----->>>>> Training: 0.8508379014711531 0.8495753833225795 1.2625148882941595 0.0
Training: 0.8531803157594469 0.8519270088937547 1.2533363103866577 	Train per: 0.5779699900793651
	Val per: {'acc': 0.5001239157372986, 'mcc': 0.00773008553876472} 	Val loss: 1.0000381
	Test per: {'acc': 0.5267639902676399, 'mcc': 0.037797938097023843} 	Test loss: 0.9469101
epoch: 61 time: 2.7156 
----->>>>> Training: 0.8472948452783009 0.8460182320503962 1.2766112164845542 0.0
Training: 0.8407998567535764 0.8395082837059384 1.291566252708435 	Train per: 0.5846819196428571
	Val per: {'acc': 0.504089219330855, 'mcc': 0.015550042829311285} 	Val loss: 0.9936163
	Test per: {'acc': 0.527845363611787, 'mcc': 0.041539251411918166} 	Test loss: 0.94454294
epoch: 62 time: 2.7297 
----->>>>> Training: 0.8467734900731889 0.8454822897911072 1.291202255657741 0.0
Training: 0.8389442222458976 0.8376356618744987 1.308554768562317 	Train per: 0.5854259672619048
	Val per: {'acc': 0.5100371747211896, 'mcc': 0.028200657803422867} 	Val loss: 0.9893773
	Test per: {'acc': 0.5356853203568532, 'mcc': 0.05761691203070994} 	Test loss: 0.9349528
epoch: 63 time: 2.7585 
----->>>>> Training: 0.8482505102006216 0.8469415713870336 1.3089308681942167 0.0
Training: 0.8472432200870816 0.8459150497875516 1.3281803131103516 	Train per: 0.5805276537698413
	Val per: {'acc': 0.5039653035935564, 'mcc': 0.013783086604074743} 	Val loss: 0.9937496
	Test per: {'acc': 0.5286563936198972, 'mcc': 0.04689842529315077} 	Test loss: 0.9492645
epoch: 64 time: 2.7362 
----->>>>> Training: 0.8426530370636592 0.8413344432437231 1.318594118905446 0.0
Training: 0.8407674677788265 0.8394454963623531 1.3219550848007202 	Train per: 0.5838758680555556
	Val per: {'acc': 0.5104089219330855, 'mcc': 0.027271271577753047} 	Val loss: 0.98566407
	Test per: {'acc': 0.5333874020005407, 'mcc': 0.05475696946046559} 	Test loss: 0.9387479
epoch: 65 time: 2.7397 
----->>>>> Training: 0.8530779007881407 0.851749132549952 1.3287710746129353 0.0
Training: 0.84191766428569 0.8405954544506375 1.3222017288208008 	Train per: 0.5834573412698413
	Val per: {'acc': 0.5038413878562578, 'mcc': 0.016674663700480916} 	Val loss: 0.99380857
	Test per: {'acc': 0.5297377669640443, 'mcc': 0.043359304122054486} 	Test loss: 0.94569474
epoch: 66 time: 2.7208 
----->>>>> Training: 0.8542244576272511 0.8528908311374603 1.3336256515412104 0.0
Training: 0.8668319970842392 0.8654905349489243 1.3414605855941772 	Train per: 0.5709945436507936
	Val per: {'acc': 0.5073110285006196, 'mcc': 0.020637193802610903} 	Val loss: 0.9873805
	Test per: {'acc': 0.525006758583401, 'mcc': 0.03991040485829626} 	Test loss: 0.9524295
epoch: 67 time: 2.7214 
----->>>>> Training: 0.8553809258672926 0.8540404883642045 1.3404363772225758 0.0
Training: 0.8420270898985485 0.8406893232512096 1.3377904891967773 	Train per: 0.5836433531746031
	Val per: {'acc': 0.5035935563816605, 'mcc': 0.013384305084007411} 	Val loss: 0.99740595
	Test per: {'acc': 0.5314949986482833, 'mcc': 0.05028343333072475} 	Test loss: 0.93817955
epoch: 68 time: 2.7287 
----->>>>> Training: 0.8423431440005227 0.8409996817982386 1.3434600527324374 0.0
Training: 0.8371948268678453 0.8358513977792528 1.3434562683105469 	Train per: 0.5860615079365079
	Val per: {'acc': 0.5045848822800496, 'mcc': 0.016816500309845463} 	Val loss: 0.9942852
	Test per: {'acc': 0.5328467153284672, 'mcc': 0.05153247563513933} 	Test loss: 0.9371875
epoch: 69 time: 2.7286 
----->>>>> Training: 0.8384428090519376 0.8370840029110984 1.3588041332032945 0.0
Training: 0.8368957827961634 0.8355369757092188 1.358811616897583 	Train per: 0.5859375
	Val per: {'acc': 0.5094175960346964, 'mcc': 0.025502568215133494} 	Val loss: 0.9817813
	Test per: {'acc': 0.5337929170045959, 'mcc': 0.056238165800973246} 	Test loss: 0.93820965
epoch: 70 time: 2.7160 
----->>>>> Training: 0.8410705990261502 0.8397142716816494 1.3563307220973666 0.0
Training: 0.8307302859094408 0.8293775584962633 1.3527148962020874 	Train per: 0.5897972470238095
	Val per: {'acc': 0.5018587360594795, 'mcc': 0.010367993783857317} 	Val loss: 0.99614304
	Test per: {'acc': 0.5331170586645039, 'mcc': 0.053497516084430714} 	Test loss: 0.93745875
epoch: 71 time: 2.7552 
----->>>>> Training: 0.8397375610139635 0.8383799129062228 1.3576437386255416 0.0
Training: 0.8369130274606129 0.8355576774430653 1.355372667312622 	Train per: 0.5867590525793651
	Val per: {'acc': 0.4982651796778191, 'mcc': 0.001968251824650752} 	Val loss: 1.0005065
	Test per: {'acc': 0.5362260070289268, 'mcc': 0.06029958100219003} 	Test loss: 0.93382984
epoch: 72 time: 2.7242 
----->>>>> Training: 0.8431152625689431 0.8417496000017438 1.3656643420930892 0.0
Training: 0.8392295619798085 0.8378697416139027 1.3597965240478516 	Train per: 0.5846509176587301
	Val per: {'acc': 0.5009913258983891, 'mcc': 0.00923770244586534} 	Val loss: 1.0006276
	Test per: {'acc': 0.538794268721276, 'mcc': 0.06462253118439863} 	Test loss: 0.92816865
epoch: 73 time: 2.7356 
----->>>>> Training: 0.8477651325483171 0.8464051740510123 1.3599576552708943 0.0
Training: 0.8478274004799979 0.8464738386017936 1.3535455465316772 	Train per: 0.5799851190476191
	Val per: {'acc': 0.504089219330855, 'mcc': 0.014338148294416183} 	Val loss: 0.99115163
	Test per: {'acc': 0.5358204920248716, 'mcc': 0.06165849060406535} 	Test loss: 0.9328498
epoch: 74 time: 2.7112 
----->>>>> Training: 0.8446421973289006 0.8432777845670306 1.3644117627825056 0.0
Training: 0.8331916455238585 0.8318185929268126 1.373040795326233 	Train per: 0.5881076388888888
	Val per: {'acc': 0.5022304832713754, 'mcc': 0.011586210482179324} 	Val loss: 0.9994741
	Test per: {'acc': 0.5354149770208164, 'mcc': 0.05702934447727304} 	Test loss: 0.9363096
epoch: 75 time: 2.7272 
----->>>>> Training: 0.8377675518156991 0.8363915180403089 1.3760307989423237 0.0
Training: 0.8331827218570407 0.8318058545627292 1.3768638372421265 	Train per: 0.5879681299603174
	Val per: {'acc': 0.5026022304832714, 'mcc': 0.012194638021575622} 	Val loss: 0.99758464
	Test per: {'acc': 0.5358204920248716, 'mcc': 0.05982544851555149} 	Test loss: 0.934365
epoch: 76 time: 2.7381 
----->>>>> Training: 0.8379515456774879 0.8365841176774766 1.3674316122418357 0.0
Training: 0.8316103693038698 0.8302438732177492 1.366517424583435 	Train per: 0.5896267361111112
	Val per: {'acc': 0.5007434944237918, 'mcc': 0.0077011285063347595} 	Val loss: 0.9993689
	Test per: {'acc': 0.5329818869964855, 'mcc': 0.05313320195431263} 	Test loss: 0.9382728
epoch: 77 time: 2.7332 
----->>>>> Training: 0.8394409191040766 0.8380687227324833 1.3721990585327148 0.0
Training: 0.8361557618020072 0.8347763911126151 1.3793562650680542 	Train per: 0.5877821180555556
	Val per: {'acc': 0.5047087980173482, 'mcc': 0.016358757385909705} 	Val loss: 0.99402356
	Test per: {'acc': 0.5323060286563936, 'mcc': 0.05274694408143284} 	Test loss: 0.94046485
epoch: 78 time: 2.7262 
----->>>>> Training: 0.8419904368264335 0.840617953784882 1.3724823016968986 0.0
Training: 0.8511541438481164 0.8497819257160973 1.3721948862075806 	Train per: 0.5786830357142857
	Val per: {'acc': 0.5080545229244114, 'mcc': 0.021463961862901684} 	Val loss: 0.9833539
	Test per: {'acc': 0.5246012435793458, 'mcc': 0.040552048842685255} 	Test loss: 0.95353174
epoch: 79 time: 2.7337 
----->>>>> Training: 0.8438230014982677 0.8424518789563861 1.3711218871767559 0.0
Training: 0.8278688249133882 0.8265019711993989 1.3668572902679443 	Train per: 0.5913938492063492
	Val per: {'acc': 0.5090458488228005, 'mcc': 0.02429692785496866} 	Val loss: 0.98955554
	Test per: {'acc': 0.5375777237091106, 'mcc': 0.06504441121148495} 	Test loss: 0.928692
epoch: 80 time: 2.7310 
----->>>>> Training: 0.8375675167356219 0.8362004520401122 1.3670666444869268 0.0
Training: 0.8354936828688969 0.8341284980849614 1.3652082681655884 	Train per: 0.5864800347222222
	Val per: {'acc': 0.5066914498141264, 'mcc': 0.02056982625129681} 	Val loss: 0.99249905
	Test per: {'acc': 0.5369018653690186, 'mcc': 0.06207982760531065} 	Test loss: 0.9311899
epoch: 81 time: 2.7393 
----->>>>> Training: 0.8421015275849236 0.8407380325453622 1.3634944700059437 0.0
Training: 0.8315489244839501 0.8301811767002892 1.3677427768707275 	Train per: 0.5885726686507936
	Val per: {'acc': 0.5090458488228005, 'mcc': 0.027475952331807406} 	Val loss: 0.9902004
	Test per: {'acc': 0.5367666937010003, 'mcc': 0.05799435270655177} 	Test loss: 0.9345135
epoch: 82 time: 2.7212 
----->>>>> Training: 0.8380476681012956 0.8366767016668168 1.3709686937786283 0.0
Training: 0.8536273051821996 0.8522707034671118 1.3565807342529297 	Train per: 0.5779079861111112
	Val per: {'acc': 0.5034696406443618, 'mcc': 0.011299167299084133} 	Val loss: 0.9979704
	Test per: {'acc': 0.5270343336036767, 'mcc': 0.04570954901665577} 	Test loss: 0.9462472
epoch: 83 time: 2.7609 
----->>>>> Training: 0.8412966548450409 0.8399235890025184 1.3730709912284973 0.0
Training: 0.843935367606935 0.842569765590486 1.3655792474746704 	Train per: 0.5816127232142857
	Val per: {'acc': 0.49739776951672865, 'mcc': 0.0012982939460770163} 	Val loss: 1.008578
	Test per: {'acc': 0.5343336036766694, 'mcc': 0.05410577552225752} 	Test loss: 0.93412405
epoch: 84 time: 2.7103 
----->>>>> Training: 0.8365490218949696 0.835174888845474 1.3741320428394137 0.0
Training: 0.8293227837199256 0.8279605791682288 1.3622045516967773 	Train per: 0.5897042410714286
	Val per: {'acc': 0.5061957868649318, 'mcc': 0.020171549579307634} 	Val loss: 0.9895156
	Test per: {'acc': 0.5359556636928899, 'mcc': 0.05865686732826519} 	Test loss: 0.931003
epoch: 85 time: 2.7475 
----->>>>> Training: 0.8408895617439633 0.839520189497206 1.3693730339171395 0.0
Training: 0.8404905162160359 0.8391323647801838 1.3581440448760986 	Train per: 0.5835813492063492
	Val per: {'acc': 0.5048327137546469, 'mcc': 0.016598170059344837} 	Val loss: 0.9921098
	Test per: {'acc': 0.5385239253852393, 'mcc': 0.06465759468154825} 	Test loss: 0.9298736
epoch: 86 time: 2.7389 
----->>>>> Training: 0.8501466815433805 0.8487913220647781 1.3553605363482522 0.0
Training: 0.8390535021585132 0.837692728118291 1.3607839345932007 	Train per: 0.5843408978174603
	Val per: {'acc': 0.5014869888475837, 'mcc': 0.01014604597843993} 	Val loss: 0.9990095
	Test per: {'acc': 0.5291970802919708, 'mcc': 0.042580267336655965} 	Test loss: 0.9395583
epoch: 87 time: 2.7494 
----->>>>> Training: 0.8477539372822595 0.8463928169674344 1.361117510568528 0.0
Training: 0.84768056207233 0.8463286095195346 1.3519316911697388 	Train per: 0.5804346478174603
	Val per: {'acc': 0.5110285006195787, 'mcc': 0.028905092231307144} 	Val loss: 0.983001
	Test per: {'acc': 0.5267639902676399, 'mcc': 0.04076140480359386} 	Test loss: 0.9465161
epoch: 88 time: 2.7368 
----->>>>> Training: 0.8526242223996965 0.8512687512806484 1.3554726328168596 0.0
Training: 0.8543988797399733 0.8530431124899123 1.3557419776916504 	Train per: 0.5755518353174603
	Val per: {'acc': 0.49739776951672865, 'mcc': 0.0016772572875247019} 	Val loss: 1.0063813
	Test per: {'acc': 0.5279805352798054, 'mcc': 0.04024808940616447} 	Test loss: 0.94565815
epoch: 89 time: 2.7308 
----->>>>> Training: 0.8530389174582467 0.8516810328241379 1.3578838658711267 0.0
Training: 0.8374915605499631 0.8361256605102902 1.365916132926941 	Train per: 0.5842478918650794
	Val per: {'acc': 0.5012391573729864, 'mcc': 0.010196917680819493} 	Val loss: 0.99695504
	Test per: {'acc': 0.533522573668559, 'mcc': 0.053004473100316515} 	Test loss: 0.9388301
epoch: 90 time: 2.7489 
----->>>>> Training: 0.8462487175351098 0.8448852054656498 1.363509221682473 0.0
Training: 0.8382404418218703 0.8368720383871169 1.3684316873550415 	Train per: 0.5841083829365079
	Val per: {'acc': 0.5029739776951673, 'mcc': 0.01248047991342394} 	Val loss: 0.99161834
	Test per: {'acc': 0.5309543119762098, 'mcc': 0.04993571210447532} 	Test loss: 0.9377886
epoch: 91 time: 2.7244 
----->>>>> Training: 0.8415677556915889 0.840199247239128 1.3685053132829212 0.0
Training: 0.8366286092334323 0.8352513843112521 1.3772255182266235 	Train per: 0.5860460069444444
	Val per: {'acc': 0.5106567534076828, 'mcc': 0.030089110172827466} 	Val loss: 0.9855014
	Test per: {'acc': 0.5356853203568532, 'mcc': 0.057078458449643654} 	Test loss: 0.9363711
epoch: 92 time: 2.7705 
----->>>>> Training: 0.8521911095059107 0.85081837763862 1.372731432082161 0.0
Training: 0.8553703597613743 0.8540147117206028 1.3556475639343262 	Train per: 0.5759238591269841
	Val per: {'acc': 0.5047087980173482, 'mcc': 0.015018037954940533} 	Val loss: 0.99440044
	Test per: {'acc': 0.5328467153284672, 'mcc': 0.05502656402047997} 	Test loss: 0.93579704
epoch: 93 time: 2.7465 
----->>>>> Training: 0.8576807493255252 0.8563237521383498 1.3569926137015933 0.0
Training: 0.8554789859151083 0.8541053372716146 1.373666524887085 	Train per: 0.5762648809523809
	Val per: {'acc': 0.5052044609665427, 'mcc': 0.017383749636176053} 	Val loss: 0.9926194
	Test per: {'acc': 0.5331170586645039, 'mcc': 0.053569662748915926} 	Test loss: 0.93713236
epoch: 94 time: 2.7231 
----->>>>> Training: 0.8520441802721175 0.8506716101888626 1.3725702932902746 0.0
Training: 0.8454947651378693 0.8441257060520233 1.3690721988677979 	Train per: 0.5818607390873016
	Val per: {'acc': 0.5039653035935564, 'mcc': 0.013607730365474684} 	Val loss: 0.9958384
	Test per: {'acc': 0.5337929170045959, 'mcc': 0.057527103167292044} 	Test loss: 0.9382136
epoch: 95 time: 2.7464 
----->>>>> Training: 0.8582867402879019 0.8569157341169933 1.3710063563452826 0.0
Training: 0.8499576023646763 0.8486104777881077 1.3471280336380005 	Train per: 0.5782955109126984
	Val per: {'acc': 0.49925650557620815, 'mcc': 0.00516725052184389} 	Val loss: 1.001817
	Test per: {'acc': 0.5329818869964855, 'mcc': 0.053519161966913545} 	Test loss: 0.93708324
epoch: 96 time: 2.7439 
----->>>>> Training: 0.8443010771085345 0.8429392509990268 1.361826809625777 0.0
Training: 0.8452903230985006 0.8439254959424337 1.3648028373718262 	Train per: 0.5817057291666666
	Val per: {'acc': 0.4924411400247832, 'mcc': -0.008699757617499344} 	Val loss: 1.0123037
	Test per: {'acc': 0.5363611786969451, 'mcc': 0.05859583501007783} 	Test loss: 0.9307329
epoch: 97 time: 2.7379 
----->>>>> Training: 0.8463031838810633 0.8449266647535657 1.3765142039647178 0.0
Training: 0.837820137303973 0.8364364750801571 1.3836431503295898 	Train per: 0.5850694444444444
	Val per: {'acc': 0.49925650557620815, 'mcc': 0.005844472061410594} 	Val loss: 1.0059993
	Test per: {'acc': 0.5367666937010003, 'mcc': 0.05996542275162044} 	Test loss: 0.9294324
epoch: 98 time: 2.7428 
----->>>>> Training: 0.8484524847969176 0.8470836262854319 1.3688591832206363 0.0
Training: 0.8527398677099318 0.8513692589033217 1.3706343173980713 	Train per: 0.5774429563492064
	Val per: {'acc': 0.5058240396530359, 'mcc': 0.01821058263560768} 	Val loss: 0.99044436
	Test per: {'acc': 0.5297377669640443, 'mcc': 0.04820605136010659} 	Test loss: 0.93978876
epoch: 99 time: 2.7571 
----->>>>> Training: 0.8612925183205378 0.8599242189573864 1.3682991758225456 0.0
Training: 0.8663679900623503 0.8650145473934355 1.3534626960754395 	Train per: 0.5705915178571429
	Val per: {'acc': 0.5029739776951673, 'mcc': 0.01141279855237997} 	Val loss: 0.9935633
	Test per: {'acc': 0.5328467153284672, 'mcc': 0.053494758727679455} 	Test loss: 0.93882346
epoch: 100 time: 2.7466 
----->>>>> Training: 0.8615482335998899 0.8601923679548596 1.3558660537477523 0.0
Training: 0.8477294719408429 0.8463703072260297 1.3591593503952026 	Train per: 0.5804811507936508
	Val per: {'acc': 0.5017348203221809, 'mcc': 0.011120868432924013} 	Val loss: 0.99699557
	Test per: {'acc': 0.5296025952960259, 'mcc': 0.04531547469275365} 	Test loss: 0.94455737
epoch: 101 time: 2.7448 
----->>>>> Training: 0.8580393450600761 0.8566716729648529 1.3676742163915483 0.0
Training: 0.8662177229684497 0.8648579622071887 1.359744906425476 	Train per: 0.5698164682539683
	Val per: {'acc': 0.5157372986369269, 'mcc': 0.040322965039498775} 	Val loss: 0.9684392
	Test per: {'acc': 0.5286563936198972, 'mcc': 0.044852555279282044} 	Test loss: 0.9460538
epoch: 102 time: 2.8414 
----->>>>> Training: 0.8525591142593868 0.8511886871050275 1.3704280739738828 0.0
Training: 0.8402822585332961 0.8389117689359755 1.370474934577942 	Train per: 0.5837363591269841
	Val per: {'acc': 0.5050805452292441, 'mcc': 0.01537649000396926} 	Val loss: 0.99022067
	Test per: {'acc': 0.5364963503649635, 'mcc': 0.0623718554557925} 	Test loss: 0.93035716
epoch: 103 time: 2.7454 
----->>>>> Training: 0.8505982529549372 0.8492306272188822 1.3676214672270275 0.0
Training: 0.8431158340166486 0.8417578613947309 1.3579820394515991 	Train per: 0.5817522321428571
	Val per: {'acc': 0.5017348203221809, 'mcc': 0.011133922046621642} 	Val loss: 0.996887
	Test per: {'acc': 0.533522573668559, 'mcc': 0.05307441262231329} 	Test loss: 0.9319987
epoch: 104 time: 2.7314 
----->>>>> Training: 0.8447821528192551 0.8434214222998846 1.3607281976275973 0.0
Training: 0.8350761892303588 0.8337079050048949 1.3682552576065063 	Train per: 0.5863715277777778
	Val per: {'acc': 0.5043370508054523, 'mcc': 0.015321481165686846} 	Val loss: 0.9947984
	Test per: {'acc': 0.5343336036766694, 'mcc': 0.05603042588663207} 	Test loss: 0.92940444
epoch: 105 time: 2.7417 
----->>>>> Training: 0.8425352043575711 0.8411681576380654 1.3670490052964952 0.0
Training: 0.837042594712878 0.8356740124641903 1.3685890436172485 	Train per: 0.5853019593253969
	Val per: {'acc': 0.5003717472118959, 'mcc': 0.007481604071860568} 	Val loss: 0.9990007
	Test per: {'acc': 0.5371722087050554, 'mcc': 0.06153828996782713} 	Test loss: 0.9291572
epoch: 106 time: 2.7542 
----->>>>> Training: 0.8529254803581844 0.8515618859775482 1.363596376918611 0.0
Training: 0.846101563128214 0.8447349478328039 1.3665977716445923 	Train per: 0.5807601686507936
	Val per: {'acc': 0.4983890954151177, 'mcc': 0.0003537548341339628} 	Val loss: 1.0056947
	Test per: {'acc': 0.5383887537172208, 'mcc': 0.06831719655258325} 	Test loss: 0.9269432
epoch: 107 time: 2.7179 
----->>>>> Training: 0.8470894788938855 0.8457279754063439 1.3615001269749232 0.0
Training: 0.8441541081383115 0.8427870160057431 1.3671157360076904 	Train per: 0.5818917410714286
	Val per: {'acc': 0.5002478314745973, 'mcc': 0.007083009128679023} 	Val loss: 0.9998336
	Test per: {'acc': 0.5375777237091106, 'mcc': 0.06196804450399679} 	Test loss: 0.9288295
epoch: 108 time: 2.7573 
----->>>>> Training: 0.8531725813472082 0.8518160127458119 1.356568005349901 0.0
Training: 0.8374138067639063 0.8360515426075648 1.3622753620147705 	Train per: 0.584898933531746
	Val per: {'acc': 0.5035935563816605, 'mcc': 0.01274676473789118} 	Val loss: 0.99609256
	Test per: {'acc': 0.5375777237091106, 'mcc': 0.06263963090455775} 	Test loss: 0.93055874
epoch: 109 time: 2.7345 
----->>>>> Training: 0.8469820136115664 0.8456171031982179 1.3649130775814964 0.0
Training: 0.8479095290577601 0.8465598414814661 1.3496747016906738 	Train per: 0.5794580853174603
	Val per: {'acc': 0.49727385377943, 'mcc': 0.0010652123989113604} 	Val loss: 1.0076758
	Test per: {'acc': 0.5298729386320628, 'mcc': 0.044870794538067096} 	Test loss: 0.9398326
epoch: 110 time: 2.7415 
----->>>>> Training: 0.8476166885996622 0.8462482406979516 1.36844811931489 0.0
Training: 0.843310709037478 0.8419418883702111 1.368829369544983 	Train per: 0.5814732142857143
	Val per: {'acc': 0.5081784386617101, 'mcc': 0.023123835540038187} 	Val loss: 0.98772264
	Test per: {'acc': 0.5291970802919708, 'mcc': 0.04521016821059617} 	Test loss: 0.9434567
epoch: 111 time: 2.7300 
----->>>>> Training: 0.8458545510731046 0.8444905167534238 1.3640374739964802 0.0
Training: 0.8402115910772293 0.8388479560140579 1.3636547327041626 	Train per: 0.5834263392857143
	Val per: {'acc': 0.5063197026022305, 'mcc': 0.01910743819448579} 	Val loss: 0.98988706
	Test per: {'acc': 0.5316301703163017, 'mcc': 0.051043835106641886} 	Test loss: 0.94155324
epoch: 112 time: 2.7264 
----->>>>> Training: 0.8508182272078499 0.8494536072488815 1.3646194405025907 0.0
Training: 0.8553393634538802 0.8539777549486312 1.3616241216659546 	Train per: 0.5762958829365079
	Val per: {'acc': 0.4996282527881041, 'mcc': 0.007183780861329373} 	Val loss: 1.002817
	Test per: {'acc': 0.5346039470127061, 'mcc': 0.053822055904075496} 	Test loss: 0.93546563
epoch: 113 time: 2.7391 
----->>>>> Training: 0.866053667333391 0.8646946634565081 1.3590027283108423 0.0
Training: 0.8696825239393446 0.8683336708280776 1.3488788604736328 	Train per: 0.5691654265873016
	Val per: {'acc': 0.49714993804213137, 'mcc': 0.002878869160083495} 	Val loss: 1.0085186
	Test per: {'acc': 0.5231143552311436, 'mcc': 0.02713519730864146} 	Test loss: 0.9558845
epoch: 114 time: 2.7451 
----->>>>> Training: 0.8670327095758348 0.8656747095168583 1.3579979283469064 0.0
Training: 0.8577141298188103 0.856345428360833 1.3687191009521484 	Train per: 0.5743582589285714
	Val per: {'acc': 0.504460966542751, 'mcc': 0.0164645384354306} 	Val loss: 0.99021614
	Test per: {'acc': 0.5308191403081914, 'mcc': 0.04964451717484035} 	Test loss: 0.94001824
epoch: 115 time: 2.7403 
----->>>>> Training: 0.8512328248175364 0.849865610637362 1.36721580558353 0.0
Training: 0.8401421081452143 0.8387695919899714 1.3724921941757202 	Train per: 0.5839068700396826
	Val per: {'acc': 0.4960346964064436, 'mcc': -0.0010624374364067214} 	Val loss: 1.0103654
	Test per: {'acc': 0.5316301703163017, 'mcc': 0.049023583752194705} 	Test loss: 0.93761873
epoch: 116 time: 2.7574 
----->>>>> Training: 0.8472208711836073 0.84584945724124 1.3714130113995264 0.0
Training: 0.8406795461972555 0.8393061955769857 1.3733365535736084 	Train per: 0.5832403273809523
	Val per: {'acc': 0.5043370508054523, 'mcc': 0.016501071751575124} 	Val loss: 0.99530435
	Test per: {'acc': 0.5309543119762098, 'mcc': 0.04867073087377254} 	Test loss: 0.93640393
epoch: 117 time: 2.7760 
----->>>>> Training: 0.8513554135958353 0.8499883101100013 1.367102274819026 0.0
Training: 0.8460836874114143 0.8447207079993354 1.3629896640777588 	Train per: 0.5797681051587301
	Val per: {'acc': 0.4926889714993804, 'mcc': -0.008456650762444375} 	Val loss: 1.0131553
	Test per: {'acc': 0.5381184103811841, 'mcc': 0.06389571342885231} 	Test loss: 0.9273511
epoch: 118 time: 2.7347 
----->>>>> Training: 0.8485697593007769 0.8471971721876235 1.372587518086509 0.0
Training: 0.8435775249723404 0.8422029822591751 1.374566912651062 	Train per: 0.5827132936507936
	Val per: {'acc': 0.5063197026022305, 'mcc': 0.01712244058390156} 	Val loss: 0.991055
	Test per: {'acc': 0.5333874020005407, 'mcc': 0.05819425922615823} 	Test loss: 0.9329329
epoch: 119 time: 2.7488 
----->>>>> Training: 0.845304496704586 0.8439333921387082 1.371105184630742 0.0
Training: 0.834243655204773 0.8328781723976135 1.365485429763794 	Train per: 0.5865420386904762
	Val per: {'acc': 0.49578686493184637, 'mcc': -0.003480014542604947} 	Val loss: 1.0060538
	Test per: {'acc': 0.5336577453365775, 'mcc': 0.05673809317528645} 	Test loss: 0.93710655
epoch: 120 time: 2.7438 
----->>>>> Training: 0.8411031677609399 0.8397275266193208 1.3756380554229495 0.0
Training: 0.8418296291714623 0.8404636695271447 1.3659522533416748 	Train per: 0.5827597966269841
	Val per: {'acc': 0.5048327137546469, 'mcc': 0.015779046168866} 	Val loss: 0.9927288
	Test per: {'acc': 0.5364963503649635, 'mcc': 0.06220355530631123} 	Test loss: 0.92926633
epoch: 121 time: 2.7345 
----->>>>> Training: 0.8367800107077946 0.8354113603395129 1.3686497627742706 0.0
Training: 0.8278948503827291 0.8265119630192953 1.3828730583190918 	Train per: 0.5899832589285714
	Val per: {'acc': 0.4970260223048327, 'mcc': 1.1540992837051928e-05} 	Val loss: 1.0087378
	Test per: {'acc': 0.5379832387131657, 'mcc': 0.0643336100784863} 	Test loss: 0.92668664
epoch: 122 time: 2.7293 
----->>>>> Training: 0.8485018431194244 0.8471293988681975 1.3724429815534562 0.0
Training: 0.8365788261095682 0.8352098862330118 1.3689334392547607 	Train per: 0.5854569692460317
	Val per: {'acc': 0.49231722428748453, 'mcc': -0.010171178284850334} 	Val loss: 1.0098171
	Test per: {'acc': 0.5358204920248716, 'mcc': 0.060949751484739974} 	Test loss: 0.9296711
epoch: 123 time: 2.7367 
----->>>>> Training: 0.8417540429130433 0.8403827784553407 1.371262166235182 0.0
Training: 0.8433288581787594 0.8419648058830745 1.3640769720077515 	Train per: 0.582000248015873
	Val per: {'acc': 0.5035935563816605, 'mcc': 0.013859016211312946} 	Val loss: 0.99286216
	Test per: {'acc': 0.5328467153284672, 'mcc': 0.0547765520259439} 	Test loss: 0.9367547
epoch: 124 time: 2.7390 
----->>>>> Training: 0.8478642654797387 0.8464918174440899 1.372448236223251 0.0
Training: 0.8362605817734249 0.8348823435722835 1.3782227039337158 	Train per: 0.5861700148809523
	Val per: {'acc': 0.5033457249070632, 'mcc': 0.01369188865276302} 	Val loss: 0.9942873
	Test per: {'acc': 0.5290619086239524, 'mcc': 0.04376452017459304} 	Test loss: 0.93814284
epoch: 125 time: 2.7363 
----->>>>> Training: 0.8402045283998761 0.8388276166386075 1.3769127641405379 0.0
Training: 0.8484195849252125 0.8470558306527516 1.3637347221374512 	Train per: 0.5788225446428571
	Val per: {'acc': 0.5048327137546469, 'mcc': 0.016237334286856385} 	Val loss: 0.98660785
	Test per: {'acc': 0.5370370370370371, 'mcc': 0.06290960659924144} 	Test loss: 0.9302588
epoch: 126 time: 2.7457 
----->>>>> Training: 0.8459914913253178 0.8446269574619475 1.364535925880311 0.0
Training: 0.8423856477888804 0.8410025816115122 1.383049488067627 	Train per: 0.5818452380952381
	Val per: {'acc': 0.5016109045848823, 'mcc': 0.008818430154323858} 	Val loss: 0.9976021
	Test per: {'acc': 0.5323060286563936, 'mcc': 0.05389352471060666} 	Test loss: 0.9380149
epoch: 127 time: 2.7288 
----->>>>> Training: 0.847582253198775 0.8462109149448456 1.3713398547399611 0.0
Training: 0.8458304026770214 0.8444572904753307 1.3731052875518799 	Train per: 0.5803416418650794
	Val per: {'acc': 0.5047087980173482, 'mcc': 0.01708547367817954} 	Val loss: 0.99545014
	Test per: {'acc': 0.5323060286563936, 'mcc': 0.05082964611637517} 	Test loss: 0.937971
epoch: 128 time: 2.7380 
----->>>>> Training: 0.8521485385440645 0.8507791776505728 1.369359292681255 0.0
Training: 0.8418759467109801 0.8405073644622924 1.3685578107833862 	Train per: 0.5828373015873016
	Val per: {'acc': 0.5021065675340768, 'mcc': 0.009843806847795995} 	Val loss: 0.99483365
	Test per: {'acc': 0.534198432008651, 'mcc': 0.05814366341718467} 	Test loss: 0.9349414
epoch: 129 time: 2.7341 
----->>>>> Training: 0.8498167452358064 0.8484441117634849 1.3726315441585721 0.0
Training: 0.8363422458134 0.8349727098903958 1.3695228099822998 	Train per: 0.5860460069444444
	Val per: {'acc': 0.5037174721189591, 'mcc': 0.013930247568865337} 	Val loss: 0.99353915
	Test per: {'acc': 0.5354149770208164, 'mcc': 0.057945779406092114} 	Test loss: 0.9289987
epoch: 130 time: 2.7204 
----->>>>> Training: 0.856592459338052 0.8552316294776069 1.3608320137811085 0.0
Training: 0.8342719853870453 0.8329101980678619 1.3617727756500244 	Train per: 0.5866505456349206
	Val per: {'acc': 0.5043370508054523, 'mcc': 0.01559980576852135} 	Val loss: 0.9969674
	Test per: {'acc': 0.5321708569883752, 'mcc': 0.05084750108669628} 	Test loss: 0.936609
epoch: 131 time: 2.7316 
----->>>>> Training: 0.8472644715082078 0.8459007077746921 1.3637635291568817 0.0
Training: 0.8489071811948504 0.8475412811551776 1.3659261465072632 	Train per: 0.5783110119047619
	Val per: {'acc': 0.5012391573729864, 'mcc': 0.008458448169392263} 	Val loss: 1.0005796
	Test per: {'acc': 0.5337929170045959, 'mcc': 0.05481479640000342} 	Test loss: 0.9319106
epoch: 132 time: 2.7164 
----->>>>> Training: 0.8520449702701871 0.8506846636060684 1.3603077161879766 0.0
Training: 0.8380450114371285 0.8366788729788766 1.3661175966262817 	Train per: 0.584898933531746
	Val per: {'acc': 0.5076827757125155, 'mcc': 0.021728274766173374} 	Val loss: 0.98486835
	Test per: {'acc': 0.527169505271695, 'mcc': 0.042656652711614014} 	Test loss: 0.94345057
epoch: 133 time: 2.7394 
----->>>>> Training: 0.8429225560218568 0.8415576020876566 1.3649513210569109 0.0
Training: 0.8548508031027657 0.8534856183188302 1.3651611804962158 	Train per: 0.5752108134920635
	Val per: {'acc': 0.5019826517967781, 'mcc': 0.009761625927615475} 	Val loss: 0.9985671
	Test per: {'acc': 0.5217626385509597, 'mcc': 0.031622726399459365} 	Test loss: 0.9547229
epoch: 134 time: 2.7384 
----->>>>> Training: 0.8609202286553761 0.8595646619796753 1.355563617887951 0.0
Training: 0.8507997895043994 0.849443306998601 1.3565027713775635 	Train per: 0.5775979662698413
	Val per: {'acc': 0.5035935563816605, 'mcc': 0.013486041107822068} 	Val loss: 0.9972013
	Test per: {'acc': 0.5267639902676399, 'mcc': 0.04225847344952209} 	Test loss: 0.9477963
epoch: 135 time: 2.7328 
----->>>>> Training: 0.8544449579148066 0.8530821298796033 1.3628287145069666 0.0
Training: 0.8498427215076628 0.8484705629802886 1.3721716403961182 	Train per: 0.5782645089285714
	Val per: {'acc': 0.5029739776951673, 'mcc': 0.014053317753948212} 	Val loss: 0.9962367
	Test per: {'acc': 0.5328467153284672, 'mcc': 0.050507457675689336} 	Test loss: 0.9339516
epoch: 136 time: 2.7483 
----->>>>> Training: 0.858354283703698 0.8569940527280172 1.3602306142685905 0.0
Training: 0.8498188408594283 0.8484632524233016 1.3555736541748047 	Train per: 0.5781405009920635
	Val per: {'acc': 0.5052044609665427, 'mcc': 0.01692614534896533} 	Val loss: 0.99231887
	Test per: {'acc': 0.5329818869964855, 'mcc': 0.05402994986259016} 	Test loss: 0.9389872
epoch: 137 time: 2.7613 
----->>>>> Training: 0.8585910257839021 0.857228522262876 1.3625036705107916 0.0
Training: 0.8625130265478104 0.8611420601133316 1.3709824085235596 	Train per: 0.5718160962301587
	Val per: {'acc': 0.5059479553903345, 'mcc': 0.019996735376830554} 	Val loss: 0.99152213
	Test per: {'acc': 0.526088131927548, 'mcc': 0.03739460650857695} 	Test loss: 0.94649017
epoch: 138 time: 2.7419 
----->>>>> Training: 0.8604253927866617 0.8590611673536754 1.3642311474633595 0.0
Training: 0.8496099190106468 0.848254867016323 1.3550719022750854 	Train per: 0.5782180059523809
	Val per: {'acc': 0.5002478314745973, 'mcc': 0.007142993249506058} 	Val loss: 1.0041533
	Test per: {'acc': 0.5285212219518789, 'mcc': 0.04318806550229713} 	Test loss: 0.9413533
epoch: 139 time: 2.7311 
----->>>>> Training: 0.8506189386049906 0.8492574644467187 1.361471280219063 0.0
Training: 0.8497404787275527 0.8483746382925246 1.3658589124679565 	Train per: 0.5777684771825397
	Val per: {'acc': 0.5023543990086741, 'mcc': 0.010968087360509738} 	Val loss: 0.99669904
	Test per: {'acc': 0.5312246553122466, 'mcc': 0.05049302426639731} 	Test loss: 0.94128835
epoch: 140 time: 2.7379 
----->>>>> Training: 0.8493863041438754 0.8480219746392871 1.3643295518935672 0.0
Training: 0.8437838327317011 0.8424203168778193 1.3634861707687378 	Train per: 0.5809461805555556
	Val per: {'acc': 0.5048327137546469, 'mcc': 0.016303663107696115} 	Val loss: 0.99383706
	Test per: {'acc': 0.5252771019194377, 'mcc': 0.038418656366924694} 	Test loss: 0.9472462
epoch: 141 time: 2.7205 
----->>>>> Training: 0.852016133921487 0.8506504845997643 1.3656478420136466 0.0
Training: 0.8465969344926259 0.8452338954759022 1.3630434274673462 	Train per: 0.5803416418650794
	Val per: {'acc': 0.4988847583643123, 'mcc': 0.0028255145996465892} 	Val loss: 1.0020891
	Test per: {'acc': 0.5270343336036767, 'mcc': 0.042865963113404584} 	Test loss: 0.94440126
epoch: 142 time: 2.7272 
----->>>>> Training: 0.8501289221975539 0.8487651083204482 1.3638122933251517 0.0
Training: 0.8504404633764236 0.849071046662709 1.3694342374801636 	Train per: 0.5780319940476191
	Val per: {'acc': 0.49727385377943, 'mcc': 0.0008452305868074984} 	Val loss: 1.0062776
	Test per: {'acc': 0.5297377669640443, 'mcc': 0.04643186988404168} 	Test loss: 0.94305223
epoch: 143 time: 2.7197 
----->>>>> Training: 0.8556999781775096 0.8543335946779402 1.3663858402343023 0.0
Training: 0.8519334537642342 0.8505667192595345 1.3667442798614502 	Train per: 0.5774739583333334
	Val per: {'acc': 0.5014869888475837, 'mcc': 0.00844995808934279} 	Val loss: 0.99864763
	Test per: {'acc': 0.5350094620167613, 'mcc': 0.060274817260708186} 	Test loss: 0.9357728
epoch: 144 time: 2.7422 
----->>>>> Training: 0.8566111458672417 0.8552454691084604 1.3656786736987887 0.0
Training: 0.8437614005709452 0.8423903149271769 1.371108889579773 	Train per: 0.5822637648809523
	Val per: {'acc': 0.4982651796778191, 'mcc': 0.002045004610767579} 	Val loss: 1.0055827
	Test per: {'acc': 0.5290619086239524, 'mcc': 0.046624823832462275} 	Test loss: 0.9406468
epoch: 145 time: 2.7311 
----->>>>> Training: 0.8483992966394576 0.8470402303196135 1.359070062637329 0.0
Training: 0.843741944858006 0.8423817668642316 1.3601675033569336 	Train per: 0.5822637648809523
	Val per: {'acc': 0.4983890954151177, 'mcc': 0.0021863893996517123} 	Val loss: 1.0030059
	Test per: {'acc': 0.5277101919437686, 'mcc': 0.044423056917215105} 	Test loss: 0.9450978
epoch: 146 time: 2.7398 
----->>>>> Training: 0.8530468297383141 0.8516855419628204 1.361287378129505 0.0
Training: 0.8529739673175509 0.8516127164401706 1.3612369298934937 	Train per: 0.5766369047619048
	Val per: {'acc': 0.5030978934324659, 'mcc': 0.013275854608252603} 	Val loss: 0.99485797
	Test per: {'acc': 0.5317653419843201, 'mcc': 0.04996721031010991} 	Test loss: 0.9378086
epoch: 147 time: 2.7246 
----->>>>> Training: 0.8581441347561185 0.8567837713256715 1.3603609213753352 0.0
Training: 0.8588063697966318 0.8574621062430124 1.344249963760376 	Train per: 0.5736917162698413
	Val per: {'acc': 0.5022304832713754, 'mcc': 0.010323893095055232} 	Val loss: 0.9947517
	Test per: {'acc': 0.5362260070289268, 'mcc': 0.06186591022623373} 	Test loss: 0.9303241
epoch: 148 time: 2.7821 
----->>>>> Training: 0.8808630193982806/home/ffl/anaconda2/envs/py36/lib/python3.6/site-packages/sklearn/metrics/classification.py:538: RuntimeWarning: invalid value encountered in double_scalars
  mcc = cov_ytyp / np.sqrt(cov_ytyt * cov_ypyp)
 0.8795145485136244 1.348472443837968 0.0
Training: 0.8818399026280358 0.8804890229588463 1.3508632183074951 	Train per: 0.5611204117063492
	Val per: {'acc': 0.5055762081784386, 'mcc': 0.014330783351741583} 	Val loss: 0.985564
	Test per: {'acc': 0.5273046769397134, 'mcc': 0.05031641681067812} 	Test loss: 0.94844717
epoch: 149 time: 2.7344 

Best Valid performance: {'acc': 0.5157372986369269, 'mcc': 0.040322965039498775}
	Best Test performance: {'acc': 0.5286563936198972, 'mcc': 0.044852555279282044}
